{"/home/travis/build/npmtest/node-npmtest-mysql2/test.js":{"path":"/home/travis/build/npmtest/node-npmtest-mysql2/test.js","s":{"1":2,"2":2,"3":2,"4":2,"5":2,"6":2,"7":2,"8":1,"9":2,"10":2,"11":1,"12":1,"13":1,"14":1,"15":2,"16":2,"17":2,"18":2,"19":1,"20":1,"21":2,"22":2,"23":2,"24":1,"25":1,"26":1,"27":1,"28":1,"29":1,"30":1,"31":1,"32":1,"33":1,"34":1,"35":1,"36":1,"37":2,"38":2,"39":1,"40":2,"41":2,"42":1,"43":2,"44":2,"45":1,"46":2,"47":2,"48":1,"49":1,"50":1,"51":1,"52":1},"b":{"1":[2,1,1,1],"2":[1,1,1,1],"3":[1,1],"4":[1,1],"5":[1,1],"6":[1,1],"7":[1,1],"8":[1,1],"9":[1,1,1],"10":[1,1],"11":[1,1],"12":[1,1],"13":[1,1],"14":[1,1],"15":[1,1],"16":[1,1]},"f":{"1":2,"2":2,"3":2,"4":2,"5":2,"6":1,"7":1,"8":2,"9":2,"10":2,"11":2,"12":1},"fnMap":{"1":{"name":"(anonymous_1)","line":12,"loc":{"start":{"line":12,"column":1},"end":{"line":12,"column":13}}},"2":{"name":"(anonymous_2)","line":19,"loc":{"start":{"line":19,"column":5},"end":{"line":19,"column":17}}},"3":{"name":"(anonymous_3)","line":23,"loc":{"start":{"line":23,"column":24},"end":{"line":23,"column":36}}},"4":{"name":"(anonymous_4)","line":61,"loc":{"start":{"line":61,"column":5},"end":{"line":61,"column":17}}},"5":{"name":"(anonymous_5)","line":82,"loc":{"start":{"line":82,"column":5},"end":{"line":82,"column":17}}},"6":{"name":"(anonymous_6)","line":102,"loc":{"start":{"line":102,"column":83},"end":{"line":105,"column":10}},"skip":true},"7":{"name":"(anonymous_7)","line":113,"loc":{"start":{"line":113,"column":77},"end":{"line":116,"column":10}},"skip":true},"8":{"name":"(anonymous_8)","line":129,"loc":{"start":{"line":129,"column":12},"end":{"line":129,"column":40}},"skip":true},"9":{"name":"(anonymous_9)","line":137,"loc":{"start":{"line":137,"column":77},"end":{"line":140,"column":10}},"skip":true},"10":{"name":"(anonymous_10)","line":148,"loc":{"start":{"line":148,"column":83},"end":{"line":151,"column":10}},"skip":true},"11":{"name":"(anonymous_11)","line":159,"loc":{"start":{"line":159,"column":79},"end":{"line":162,"column":10}},"skip":true},"12":{"name":"(anonymous_12)","line":170,"loc":{"start":{"line":170,"column":75},"end":{"line":173,"column":10}},"skip":true}},"statementMap":{"1":{"start":{"line":12,"column":0},"end":{"line":185,"column":5}},"2":{"start":{"line":14,"column":4},"end":{"line":14,"column":14}},"3":{"start":{"line":19,"column":4},"end":{"line":56,"column":9}},"4":{"start":{"line":21,"column":8},"end":{"line":21,"column":19}},"5":{"start":{"line":23,"column":8},"end":{"line":35,"column":13}},"6":{"start":{"line":24,"column":12},"end":{"line":34,"column":13}},"7":{"start":{"line":25,"column":16},"end":{"line":28,"column":30}},"8":{"start":{"line":30,"column":16},"end":{"line":33,"column":27}},"9":{"start":{"line":37,"column":8},"end":{"line":39,"column":21}},"10":{"start":{"line":40,"column":8},"end":{"line":53,"column":9}},"11":{"start":{"line":43,"column":12},"end":{"line":46,"column":14}},"12":{"start":{"line":47,"column":12},"end":{"line":47,"column":18}},"13":{"start":{"line":50,"column":12},"end":{"line":51,"column":46}},"14":{"start":{"line":52,"column":12},"end":{"line":52,"column":18}},"15":{"start":{"line":55,"column":8},"end":{"line":55,"column":35}},"16":{"start":{"line":61,"column":4},"end":{"line":63,"column":9}},"17":{"start":{"line":62,"column":8},"end":{"line":62,"column":15}},"18":{"start":{"line":64,"column":4},"end":{"line":77,"column":5}},"19":{"start":{"line":70,"column":8},"end":{"line":70,"column":14}},"20":{"start":{"line":76,"column":8},"end":{"line":76,"column":14}},"21":{"start":{"line":82,"column":4},"end":{"line":84,"column":9}},"22":{"start":{"line":83,"column":8},"end":{"line":83,"column":15}},"23":{"start":{"line":85,"column":4},"end":{"line":184,"column":5}},"24":{"start":{"line":92,"column":8},"end":{"line":94,"column":63}},"25":{"start":{"line":95,"column":8},"end":{"line":95,"column":14}},"26":{"start":{"line":102,"column":8},"end":{"line":111,"column":10},"skip":true},"27":{"start":{"line":109,"column":12},"end":{"line":109,"column":55},"skip":true},"28":{"start":{"line":110,"column":12},"end":{"line":110,"column":48},"skip":true},"29":{"start":{"line":113,"column":8},"end":{"line":126,"column":10},"skip":true},"30":{"start":{"line":120,"column":12},"end":{"line":120,"column":76},"skip":true},"31":{"start":{"line":121,"column":12},"end":{"line":121,"column":73},"skip":true},"32":{"start":{"line":122,"column":12},"end":{"line":122,"column":74},"skip":true},"33":{"start":{"line":123,"column":12},"end":{"line":123,"column":79},"skip":true},"34":{"start":{"line":124,"column":12},"end":{"line":124,"column":25},"skip":true},"35":{"start":{"line":125,"column":12},"end":{"line":125,"column":45},"skip":true},"36":{"start":{"line":128,"column":8},"end":{"line":135,"column":14},"skip":true},"37":{"start":{"line":133,"column":16},"end":{"line":133,"column":29},"skip":true},"38":{"start":{"line":134,"column":16},"end":{"line":134,"column":55},"skip":true},"39":{"start":{"line":137,"column":8},"end":{"line":146,"column":10},"skip":true},"40":{"start":{"line":144,"column":12},"end":{"line":144,"column":25},"skip":true},"41":{"start":{"line":145,"column":12},"end":{"line":145,"column":45},"skip":true},"42":{"start":{"line":148,"column":8},"end":{"line":157,"column":10},"skip":true},"43":{"start":{"line":155,"column":12},"end":{"line":155,"column":25},"skip":true},"44":{"start":{"line":156,"column":12},"end":{"line":156,"column":48},"skip":true},"45":{"start":{"line":159,"column":8},"end":{"line":168,"column":10},"skip":true},"46":{"start":{"line":166,"column":12},"end":{"line":166,"column":25},"skip":true},"47":{"start":{"line":167,"column":12},"end":{"line":167,"column":46},"skip":true},"48":{"start":{"line":170,"column":8},"end":{"line":179,"column":10},"skip":true},"49":{"start":{"line":177,"column":12},"end":{"line":177,"column":94},"skip":true},"50":{"start":{"line":178,"column":12},"end":{"line":178,"column":48},"skip":true},"51":{"start":{"line":182,"column":8},"end":{"line":182,"column":35},"skip":true},"52":{"start":{"line":183,"column":8},"end":{"line":183,"column":14},"skip":true}},"branchMap":{"1":{"line":25,"type":"binary-expr","locations":[{"start":{"line":25,"column":23},"end":{"line":25,"column":62}},{"start":{"line":26,"column":20},"end":{"line":26,"column":70}},{"start":{"line":27,"column":20},"end":{"line":27,"column":71}},{"start":{"line":28,"column":20},"end":{"line":28,"column":29}}]},"2":{"line":30,"type":"binary-expr","locations":[{"start":{"line":30,"column":23},"end":{"line":30,"column":37}},{"start":{"line":31,"column":20},"end":{"line":31,"column":61}},{"start":{"line":32,"column":20},"end":{"line":32,"column":70}},{"start":{"line":33,"column":20},"end":{"line":33,"column":26}}]},"3":{"line":37,"type":"cond-expr","locations":[{"start":{"line":38,"column":14},"end":{"line":38,"column":20}},{"start":{"line":39,"column":14},"end":{"line":39,"column":20}}]},"4":{"line":40,"type":"switch","locations":[{"start":{"line":42,"column":8},"end":{"line":47,"column":18}},{"start":{"line":49,"column":8},"end":{"line":52,"column":18}}]},"5":{"line":44,"type":"binary-expr","locations":[{"start":{"line":44,"column":16},"end":{"line":44,"column":44}},{"start":{"line":44,"column":48},"end":{"line":44,"column":66}}]},"6":{"line":50,"type":"binary-expr","locations":[{"start":{"line":50,"column":21},"end":{"line":50,"column":49}},{"start":{"line":50,"column":53},"end":{"line":50,"column":72}}]},"7":{"line":64,"type":"switch","locations":[{"start":{"line":69,"column":4},"end":{"line":70,"column":14}},{"start":{"line":75,"column":4},"end":{"line":76,"column":14}}]},"8":{"line":85,"type":"switch","locations":[{"start":{"line":90,"column":4},"end":{"line":95,"column":14}},{"start":{"line":101,"column":4},"end":{"line":183,"column":14},"skip":true}]},"9":{"line":92,"type":"binary-expr","locations":[{"start":{"line":92,"column":18},"end":{"line":92,"column":32}},{"start":{"line":93,"column":12},"end":{"line":93,"column":53}},{"start":{"line":94,"column":12},"end":{"line":94,"column":61}}]},"10":{"line":102,"type":"binary-expr","locations":[{"start":{"line":102,"column":45},"end":{"line":102,"column":79},"skip":true},{"start":{"line":102,"column":83},"end":{"line":111,"column":9},"skip":true}]},"11":{"line":113,"type":"binary-expr","locations":[{"start":{"line":113,"column":42},"end":{"line":113,"column":73},"skip":true},{"start":{"line":113,"column":77},"end":{"line":126,"column":9},"skip":true}]},"12":{"line":128,"type":"binary-expr","locations":[{"start":{"line":128,"column":48},"end":{"line":128,"column":85},"skip":true},{"start":{"line":129,"column":12},"end":{"line":135,"column":13},"skip":true}]},"13":{"line":137,"type":"binary-expr","locations":[{"start":{"line":137,"column":42},"end":{"line":137,"column":73},"skip":true},{"start":{"line":137,"column":77},"end":{"line":146,"column":9},"skip":true}]},"14":{"line":148,"type":"binary-expr","locations":[{"start":{"line":148,"column":45},"end":{"line":148,"column":79},"skip":true},{"start":{"line":148,"column":83},"end":{"line":157,"column":9},"skip":true}]},"15":{"line":159,"type":"binary-expr","locations":[{"start":{"line":159,"column":43},"end":{"line":159,"column":75},"skip":true},{"start":{"line":159,"column":79},"end":{"line":168,"column":9},"skip":true}]},"16":{"line":170,"type":"binary-expr","locations":[{"start":{"line":170,"column":41},"end":{"line":170,"column":71},"skip":true},{"start":{"line":170,"column":75},"end":{"line":179,"column":9},"skip":true}]}},"code":["/* istanbul instrument in package npmtest_mysql2 */","/*jslint","    bitwise: true,","    browser: true,","    maxerr: 8,","    maxlen: 96,","    node: true,","    nomen: true,","    regexp: true,","    stupid: true","*/","(function () {","    'use strict';","    var local;","","","","    // run shared js-env code - pre-init","    (function () {","        // init local","        local = {};","        // init modeJs","        local.modeJs = (function () {","            try {","                return typeof navigator.userAgent === 'string' &&","                    typeof document.querySelector('body') === 'object' &&","                    typeof XMLHttpRequest.prototype.open === 'function' &&","                    'browser';","            } catch (errorCaughtBrowser) {","                return module.exports &&","                    typeof process.versions.node === 'string' &&","                    typeof require('http').createServer === 'function' &&","                    'node';","            }","        }());","        // init global","        local.global = local.modeJs === 'browser'","            ? window","            : global;","        switch (local.modeJs) {","        // re-init local from window.local","        case 'browser':","            local = local.global.utility2.objectSetDefault(","                local.global.utility2_rollup || local.global.local,","                local.global.utility2","            );","            break;","        // re-init local from example.js","        case 'node':","            local = (local.global.utility2_rollup || require('utility2'))","                .requireExampleJsFromReadme();","            break;","        }","        // export local","        local.global.local = local;","    }());","","","","    // run shared js-env code - function","    (function () {","        return;","    }());","    switch (local.modeJs) {","","","","    // run browser js-env code - function","    case 'browser':","        break;","","","","    // run node js-env code - function","    case 'node':","        break;","    }","","","","    // run shared js-env code - post-init","    (function () {","        return;","    }());","    switch (local.modeJs) {","","","","    // run browser js-env code - post-init","    case 'browser':","        // run tests","        local.nop(local.modeTest &&","            document.querySelector('#testRunButton1') &&","            document.querySelector('#testRunButton1').click());","        break;","","","","    // run node js-env code - post-init","    /* istanbul ignore next */","    case 'node':","        local.testCase_buildApidoc_default = local.testCase_buildApidoc_default || function (","            options,","            onError","        ) {","        /*","         * this function will test buildApidoc's default handling-behavior-behavior","         */","            options = { modulePathList: module.paths };","            local.buildApidoc(options, onError);","        };","","        local.testCase_buildApp_default = local.testCase_buildApp_default || function (","            options,","            onError","        ) {","        /*","         * this function will test buildApp's default handling-behavior-behavior","         */","            local.testCase_buildReadme_default(options, local.onErrorThrow);","            local.testCase_buildLib_default(options, local.onErrorThrow);","            local.testCase_buildTest_default(options, local.onErrorThrow);","            local.testCase_buildCustomOrg_default(options, local.onErrorThrow);","            options = [];","            local.buildApp(options, onError);","        };","","        local.testCase_buildCustomOrg_default = local.testCase_buildCustomOrg_default ||","            function (options, onError) {","            /*","             * this function will test buildCustomOrg's default handling-behavior","             */","                options = {};","                local.buildCustomOrg(options, onError);","            };","","        local.testCase_buildLib_default = local.testCase_buildLib_default || function (","            options,","            onError","        ) {","        /*","         * this function will test buildLib's default handling-behavior","         */","            options = {};","            local.buildLib(options, onError);","        };","","        local.testCase_buildReadme_default = local.testCase_buildReadme_default || function (","            options,","            onError","        ) {","        /*","         * this function will test buildReadme's default handling-behavior-behavior","         */","            options = {};","            local.buildReadme(options, onError);","        };","","        local.testCase_buildTest_default = local.testCase_buildTest_default || function (","            options,","            onError","        ) {","        /*","         * this function will test buildTest's default handling-behavior","         */","            options = {};","            local.buildTest(options, onError);","        };","","        local.testCase_webpage_default = local.testCase_webpage_default || function (","            options,","            onError","        ) {","        /*","         * this function will test webpage's default handling-behavior","         */","            options = { modeCoverageMerge: true, url: local.serverLocalHost + '?modeTest=1' };","            local.browserTest(options, onError);","        };","","        // run test-server","        local.testRunServer(local);","        break;","    }","}());",""],"l":{"12":2,"14":2,"19":2,"21":2,"23":2,"24":2,"25":2,"30":1,"37":2,"40":2,"43":1,"47":1,"50":1,"52":1,"55":2,"61":2,"62":2,"64":2,"70":1,"76":1,"82":2,"83":2,"85":2,"92":1,"95":1,"102":1,"109":1,"110":1,"113":1,"120":1,"121":1,"122":1,"123":1,"124":1,"125":1,"128":1,"133":2,"134":2,"137":1,"144":2,"145":2,"148":1,"155":2,"156":2,"159":1,"166":2,"167":2,"170":1,"177":1,"178":1,"182":1,"183":1}},"/home/travis/build/npmtest/node-npmtest-mysql2/lib.npmtest_mysql2.js":{"path":"/home/travis/build/npmtest/node-npmtest-mysql2/lib.npmtest_mysql2.js","s":{"1":2,"2":2,"3":2,"4":2,"5":2,"6":2,"7":2,"8":1,"9":2,"10":2,"11":2,"12":2,"13":1,"14":1,"15":1,"16":1},"b":{"1":[2,1,1,1],"2":[1,1,1,1],"3":[1,1],"4":[2,2],"5":[1,1]},"f":{"1":2,"2":2,"3":2},"fnMap":{"1":{"name":"(anonymous_1)","line":12,"loc":{"start":{"line":12,"column":1},"end":{"line":12,"column":13}}},"2":{"name":"(anonymous_2)","line":19,"loc":{"start":{"line":19,"column":5},"end":{"line":19,"column":17}}},"3":{"name":"(anonymous_3)","line":23,"loc":{"start":{"line":23,"column":24},"end":{"line":23,"column":36}}}},"statementMap":{"1":{"start":{"line":12,"column":0},"end":{"line":53,"column":5}},"2":{"start":{"line":14,"column":4},"end":{"line":14,"column":14}},"3":{"start":{"line":19,"column":4},"end":{"line":52,"column":9}},"4":{"start":{"line":21,"column":8},"end":{"line":21,"column":19}},"5":{"start":{"line":23,"column":8},"end":{"line":35,"column":13}},"6":{"start":{"line":24,"column":12},"end":{"line":34,"column":13}},"7":{"start":{"line":25,"column":16},"end":{"line":28,"column":30}},"8":{"start":{"line":30,"column":16},"end":{"line":33,"column":27}},"9":{"start":{"line":37,"column":8},"end":{"line":39,"column":21}},"10":{"start":{"line":41,"column":8},"end":{"line":41,"column":54}},"11":{"start":{"line":43,"column":8},"end":{"line":43,"column":51}},"12":{"start":{"line":45,"column":8},"end":{"line":51,"column":9}},"13":{"start":{"line":46,"column":12},"end":{"line":46,"column":57}},"14":{"start":{"line":48,"column":12},"end":{"line":48,"column":35}},"15":{"start":{"line":49,"column":12},"end":{"line":49,"column":49}},"16":{"start":{"line":50,"column":12},"end":{"line":50,"column":43}}},"branchMap":{"1":{"line":25,"type":"binary-expr","locations":[{"start":{"line":25,"column":23},"end":{"line":25,"column":62}},{"start":{"line":26,"column":20},"end":{"line":26,"column":70}},{"start":{"line":27,"column":20},"end":{"line":27,"column":71}},{"start":{"line":28,"column":20},"end":{"line":28,"column":29}}]},"2":{"line":30,"type":"binary-expr","locations":[{"start":{"line":30,"column":23},"end":{"line":30,"column":37}},{"start":{"line":31,"column":20},"end":{"line":31,"column":61}},{"start":{"line":32,"column":20},"end":{"line":32,"column":70}},{"start":{"line":33,"column":20},"end":{"line":33,"column":26}}]},"3":{"line":37,"type":"cond-expr","locations":[{"start":{"line":38,"column":14},"end":{"line":38,"column":20}},{"start":{"line":39,"column":14},"end":{"line":39,"column":20}}]},"4":{"line":41,"type":"binary-expr","locations":[{"start":{"line":41,"column":16},"end":{"line":41,"column":44}},{"start":{"line":41,"column":48},"end":{"line":41,"column":53}}]},"5":{"line":45,"type":"if","locations":[{"start":{"line":45,"column":8},"end":{"line":45,"column":8}},{"start":{"line":45,"column":8},"end":{"line":45,"column":8}}]}},"code":["/* istanbul instrument in package npmtest_mysql2 */","/*jslint","    bitwise: true,","    browser: true,","    maxerr: 8,","    maxlen: 96,","    node: true,","    nomen: true,","    regexp: true,","    stupid: true","*/","(function () {","    'use strict';","    var local;","","","","    // run shared js-env code - pre-init","    (function () {","        // init local","        local = {};","        // init modeJs","        local.modeJs = (function () {","            try {","                return typeof navigator.userAgent === 'string' &&","                    typeof document.querySelector('body') === 'object' &&","                    typeof XMLHttpRequest.prototype.open === 'function' &&","                    'browser';","            } catch (errorCaughtBrowser) {","                return module.exports &&","                    typeof process.versions.node === 'string' &&","                    typeof require('http').createServer === 'function' &&","                    'node';","            }","        }());","        // init global","        local.global = local.modeJs === 'browser'","            ? window","            : global;","        // init utility2_rollup","        local = local.global.utility2_rollup || local;","        // init lib","        local.local = local.npmtest_mysql2 = local;","        // init exports","        if (local.modeJs === 'browser') {","            local.global.utility2_npmtest_mysql2 = local;","        } else {","            module.exports = local;","            module.exports.__dirname = __dirname;","            module.exports.module = module;","        }","    }());","}());",""],"l":{"12":2,"14":2,"19":2,"21":2,"23":2,"24":2,"25":2,"30":1,"37":2,"41":2,"43":2,"45":2,"46":1,"48":1,"49":1,"50":1}},"/home/travis/build/npmtest/node-npmtest-mysql2/example.js":{"path":"/home/travis/build/npmtest/node-npmtest-mysql2/example.js","s":{"1":2,"2":2,"3":2,"4":2,"5":2,"6":2,"7":2,"8":1,"9":2,"10":2,"11":2,"12":2,"13":1,"14":2,"15":2,"16":2,"17":2,"18":2,"19":0,"20":2,"21":1,"22":1,"23":1,"24":1,"25":1,"26":0,"27":0,"28":1,"29":1,"30":2,"31":0,"32":0,"33":0,"34":1,"35":2,"36":2,"37":2,"38":2,"39":2,"40":2,"41":0,"42":2,"43":2,"44":2,"45":1,"46":3,"47":1,"48":1,"49":1,"50":1,"51":1,"52":1,"53":1,"54":1,"55":1,"56":1,"57":0,"58":1,"59":6,"60":6,"61":1,"62":2,"63":0,"64":2,"65":1,"66":1,"67":0,"68":0,"69":0,"70":0,"71":0,"72":0,"73":0,"74":0,"75":0,"76":0,"77":0,"78":0,"79":0,"80":0,"81":0,"82":0,"83":0},"b":{"1":[2,1,1,1],"2":[1,1,1,1],"3":[1,1],"4":[2,2],"5":[1,1],"6":[1,1],"7":[2,0],"8":[2,1,1,1,1,1],"9":[0,2,0],"10":[1,1],"11":[2,1,1],"12":[1,0],"13":[0,2],"14":[2,0,0,0,0,0,0],"15":[0,2],"16":[2,0],"17":[1,1],"18":[0,1],"19":[1,2,0,2],"20":[1,0],"21":[1,1],"22":[0,0],"23":[0,0],"24":[0,0],"25":[0,0],"26":[0,0],"27":[0,0],"28":[0,0]},"f":{"1":2,"2":2,"3":2,"4":2,"5":2,"6":2,"7":2,"8":2,"9":3,"10":1,"11":6,"12":0},"fnMap":{"1":{"name":"(anonymous_1)","line":26,"loc":{"start":{"line":26,"column":1},"end":{"line":26,"column":13}}},"2":{"name":"(anonymous_2)","line":33,"loc":{"start":{"line":33,"column":5},"end":{"line":33,"column":17}}},"3":{"name":"(anonymous_3)","line":37,"loc":{"start":{"line":37,"column":24},"end":{"line":37,"column":36}}},"4":{"name":"(anonymous_4)","line":69,"loc":{"start":{"line":69,"column":31},"end":{"line":69,"column":48}},"skip":true},"5":{"name":"(anonymous_5)","line":78,"loc":{"start":{"line":78,"column":26},"end":{"line":78,"column":45}},"skip":true},"6":{"name":"(anonymous_6)","line":123,"loc":{"start":{"line":123,"column":33},"end":{"line":123,"column":48}},"skip":true},"7":{"name":"(anonymous_7)","line":125,"loc":{"start":{"line":125,"column":27},"end":{"line":125,"column":39}},"skip":true},"8":{"name":"(anonymous_8)","line":133,"loc":{"start":{"line":133,"column":59},"end":{"line":133,"column":74}},"skip":true},"9":{"name":"(anonymous_9)","line":143,"loc":{"start":{"line":143,"column":45},"end":{"line":143,"column":62}},"skip":true},"10":{"name":"(anonymous_10)","line":144,"loc":{"start":{"line":144,"column":73},"end":{"line":144,"column":92}},"skip":true},"11":{"name":"(anonymous_11)","line":272,"loc":{"start":{"line":272,"column":51},"end":{"line":272,"column":77}},"skip":true},"12":{"name":"(anonymous_12)","line":314,"loc":{"start":{"line":314,"column":32},"end":{"line":314,"column":61}},"skip":true}},"statementMap":{"1":{"start":{"line":26,"column":0},"end":{"line":325,"column":5}},"2":{"start":{"line":28,"column":4},"end":{"line":28,"column":14}},"3":{"start":{"line":33,"column":4},"end":{"line":60,"column":9}},"4":{"start":{"line":35,"column":8},"end":{"line":35,"column":19}},"5":{"start":{"line":37,"column":8},"end":{"line":49,"column":13}},"6":{"start":{"line":38,"column":12},"end":{"line":48,"column":13}},"7":{"start":{"line":39,"column":16},"end":{"line":42,"column":30}},"8":{"start":{"line":44,"column":16},"end":{"line":47,"column":27}},"9":{"start":{"line":51,"column":8},"end":{"line":53,"column":21}},"10":{"start":{"line":55,"column":8},"end":{"line":57,"column":45}},"11":{"start":{"line":59,"column":8},"end":{"line":59,"column":35}},"12":{"start":{"line":61,"column":4},"end":{"line":324,"column":5}},"13":{"start":{"line":69,"column":8},"end":{"line":121,"column":10},"skip":true},"14":{"start":{"line":70,"column":12},"end":{"line":88,"column":13},"skip":true},"15":{"start":{"line":76,"column":16},"end":{"line":87,"column":19},"skip":true},"16":{"start":{"line":79,"column":20},"end":{"line":86,"column":21},"skip":true},"17":{"start":{"line":82,"column":24},"end":{"line":82,"column":43},"skip":true},"18":{"start":{"line":83,"column":24},"end":{"line":83,"column":30},"skip":true},"19":{"start":{"line":85,"column":24},"end":{"line":85,"column":49},"skip":true},"20":{"start":{"line":89,"column":12},"end":{"line":107,"column":13},"skip":true},"21":{"start":{"line":92,"column":16},"end":{"line":102,"column":17},"skip":true},"22":{"start":{"line":93,"column":20},"end":{"line":93,"column":86},"skip":true},"23":{"start":{"line":94,"column":20},"end":{"line":95,"column":45},"skip":true},"24":{"start":{"line":96,"column":20},"end":{"line":96,"column":42},"skip":true},"25":{"start":{"line":97,"column":20},"end":{"line":97,"column":48},"skip":true},"26":{"start":{"line":100,"column":20},"end":{"line":100,"column":85},"skip":true},"27":{"start":{"line":101,"column":20},"end":{"line":101,"column":96},"skip":true},"28":{"start":{"line":103,"column":16},"end":{"line":103,"column":22},"skip":true},"29":{"start":{"line":106,"column":16},"end":{"line":106,"column":22},"skip":true},"30":{"start":{"line":108,"column":12},"end":{"line":120,"column":13},"skip":true},"31":{"start":{"line":114,"column":16},"end":{"line":119,"column":17},"skip":true},"32":{"start":{"line":116,"column":20},"end":{"line":116,"column":78},"skip":true},"33":{"start":{"line":118,"column":20},"end":{"line":118,"column":47},"skip":true},"34":{"start":{"line":123,"column":8},"end":{"line":141,"column":11},"skip":true},"35":{"start":{"line":124,"column":12},"end":{"line":124,"column":54},"skip":true},"36":{"start":{"line":125,"column":12},"end":{"line":140,"column":14},"skip":true},"37":{"start":{"line":126,"column":16},"end":{"line":126,"column":28},"skip":true},"38":{"start":{"line":127,"column":16},"end":{"line":127,"column":69},"skip":true},"39":{"start":{"line":128,"column":16},"end":{"line":128,"column":75},"skip":true},"40":{"start":{"line":129,"column":16},"end":{"line":131,"column":17},"skip":true},"41":{"start":{"line":130,"column":20},"end":{"line":130,"column":27},"skip":true},"42":{"start":{"line":133,"column":16},"end":{"line":137,"column":36},"skip":true},"43":{"start":{"line":134,"column":20},"end":{"line":136,"column":55},"skip":true},"44":{"start":{"line":139,"column":16},"end":{"line":139,"column":57},"skip":true},"45":{"start":{"line":143,"column":8},"end":{"line":147,"column":11},"skip":true},"46":{"start":{"line":144,"column":12},"end":{"line":146,"column":15},"skip":true},"47":{"start":{"line":145,"column":16},"end":{"line":145,"column":70},"skip":true},"48":{"start":{"line":149,"column":8},"end":{"line":149,"column":31},"skip":true},"49":{"start":{"line":150,"column":8},"end":{"line":150,"column":14},"skip":true},"50":{"start":{"line":158,"column":8},"end":{"line":158,"column":31},"skip":true},"51":{"start":{"line":160,"column":8},"end":{"line":160,"column":33},"skip":true},"52":{"start":{"line":161,"column":8},"end":{"line":161,"column":37},"skip":true},"53":{"start":{"line":162,"column":8},"end":{"line":162,"column":35},"skip":true},"54":{"start":{"line":164,"column":8},"end":{"line":164,"column":50},"skip":true},"55":{"start":{"line":166,"column":8},"end":{"line":256,"column":2},"skip":true},"56":{"start":{"line":258,"column":8},"end":{"line":286,"column":9},"skip":true},"57":{"start":{"line":259,"column":12},"end":{"line":269,"column":14},"skip":true},"58":{"start":{"line":271,"column":12},"end":{"line":285,"column":19},"skip":true},"59":{"start":{"line":274,"column":20},"end":{"line":274,"column":35},"skip":true},"60":{"start":{"line":275,"column":20},"end":{"line":284,"column":21},"skip":true},"61":{"start":{"line":277,"column":24},"end":{"line":277,"column":64},"skip":true},"62":{"start":{"line":279,"column":24},"end":{"line":279,"column":40},"skip":true},"63":{"start":{"line":281,"column":24},"end":{"line":281,"column":40},"skip":true},"64":{"start":{"line":283,"column":24},"end":{"line":283,"column":39},"skip":true},"65":{"start":{"line":288,"column":8},"end":{"line":290,"column":9},"skip":true},"66":{"start":{"line":289,"column":12},"end":{"line":289,"column":18},"skip":true},"67":{"start":{"line":291,"column":8},"end":{"line":293,"column":54},"skip":true},"68":{"start":{"line":294,"column":8},"end":{"line":301,"column":37},"skip":true},"69":{"start":{"line":302,"column":8},"end":{"line":302,"column":82},"skip":true},"70":{"start":{"line":305,"column":8},"end":{"line":307,"column":9},"skip":true},"71":{"start":{"line":306,"column":12},"end":{"line":306,"column":82},"skip":true},"72":{"start":{"line":309,"column":8},"end":{"line":311,"column":9},"skip":true},"73":{"start":{"line":310,"column":12},"end":{"line":310,"column":18},"skip":true},"74":{"start":{"line":312,"column":8},"end":{"line":312,"column":54},"skip":true},"75":{"start":{"line":313,"column":8},"end":{"line":313,"column":69},"skip":true},"76":{"start":{"line":314,"column":8},"end":{"line":322,"column":36},"skip":true},"77":{"start":{"line":315,"column":12},"end":{"line":315,"column":61},"skip":true},"78":{"start":{"line":316,"column":12},"end":{"line":319,"column":13},"skip":true},"79":{"start":{"line":317,"column":16},"end":{"line":317,"column":75},"skip":true},"80":{"start":{"line":318,"column":16},"end":{"line":318,"column":23},"skip":true},"81":{"start":{"line":320,"column":12},"end":{"line":320,"column":38},"skip":true},"82":{"start":{"line":321,"column":12},"end":{"line":321,"column":27},"skip":true},"83":{"start":{"line":323,"column":8},"end":{"line":323,"column":14},"skip":true}},"branchMap":{"1":{"line":39,"type":"binary-expr","locations":[{"start":{"line":39,"column":23},"end":{"line":39,"column":62}},{"start":{"line":40,"column":20},"end":{"line":40,"column":70}},{"start":{"line":41,"column":20},"end":{"line":41,"column":71}},{"start":{"line":42,"column":20},"end":{"line":42,"column":29}}]},"2":{"line":44,"type":"binary-expr","locations":[{"start":{"line":44,"column":23},"end":{"line":44,"column":37}},{"start":{"line":45,"column":20},"end":{"line":45,"column":61}},{"start":{"line":46,"column":20},"end":{"line":46,"column":70}},{"start":{"line":47,"column":20},"end":{"line":47,"column":26}}]},"3":{"line":51,"type":"cond-expr","locations":[{"start":{"line":52,"column":14},"end":{"line":52,"column":20}},{"start":{"line":53,"column":14},"end":{"line":53,"column":20}}]},"4":{"line":55,"type":"binary-expr","locations":[{"start":{"line":55,"column":16},"end":{"line":55,"column":44}},{"start":{"line":55,"column":49},"end":{"line":57,"column":43}}]},"5":{"line":55,"type":"cond-expr","locations":[{"start":{"line":56,"column":14},"end":{"line":56,"column":50}},{"start":{"line":57,"column":14},"end":{"line":57,"column":43}}]},"6":{"line":61,"type":"switch","locations":[{"start":{"line":68,"column":4},"end":{"line":150,"column":14},"skip":true},{"start":{"line":156,"column":4},"end":{"line":323,"column":14},"skip":true}]},"7":{"line":70,"type":"if","locations":[{"start":{"line":70,"column":12},"end":{"line":70,"column":12},"skip":true},{"start":{"line":70,"column":12},"end":{"line":70,"column":12},"skip":true}]},"8":{"line":70,"type":"binary-expr","locations":[{"start":{"line":70,"column":16},"end":{"line":70,"column":22},"skip":true},{"start":{"line":70,"column":27},"end":{"line":70,"column":32},"skip":true},{"start":{"line":71,"column":20},"end":{"line":71,"column":39},"skip":true},{"start":{"line":72,"column":20},"end":{"line":72,"column":49},"skip":true},{"start":{"line":73,"column":20},"end":{"line":73,"column":58},"skip":true},{"start":{"line":74,"column":20},"end":{"line":74,"column":69},"skip":true}]},"9":{"line":79,"type":"switch","locations":[{"start":{"line":80,"column":20},"end":{"line":80,"column":33},"skip":true},{"start":{"line":81,"column":20},"end":{"line":83,"column":30},"skip":true},{"start":{"line":84,"column":20},"end":{"line":85,"column":49},"skip":true}]},"10":{"line":89,"type":"switch","locations":[{"start":{"line":90,"column":12},"end":{"line":103,"column":22},"skip":true},{"start":{"line":105,"column":12},"end":{"line":106,"column":22},"skip":true}]},"11":{"line":89,"type":"binary-expr","locations":[{"start":{"line":89,"column":20},"end":{"line":89,"column":25},"skip":true},{"start":{"line":89,"column":29},"end":{"line":89,"column":48},"skip":true},{"start":{"line":89,"column":52},"end":{"line":89,"column":74},"skip":true}]},"12":{"line":92,"type":"if","locations":[{"start":{"line":92,"column":16},"end":{"line":92,"column":16},"skip":true},{"start":{"line":92,"column":16},"end":{"line":92,"column":16},"skip":true}]},"13":{"line":108,"type":"if","locations":[{"start":{"line":108,"column":12},"end":{"line":108,"column":12},"skip":true},{"start":{"line":108,"column":12},"end":{"line":108,"column":12},"skip":true}]},"14":{"line":108,"type":"binary-expr","locations":[{"start":{"line":108,"column":16},"end":{"line":108,"column":61},"skip":true},{"start":{"line":108,"column":66},"end":{"line":108,"column":72},"skip":true},{"start":{"line":108,"column":77},"end":{"line":108,"column":82},"skip":true},{"start":{"line":109,"column":20},"end":{"line":109,"column":39},"skip":true},{"start":{"line":110,"column":20},"end":{"line":110,"column":49},"skip":true},{"start":{"line":111,"column":20},"end":{"line":111,"column":58},"skip":true},{"start":{"line":112,"column":20},"end":{"line":112,"column":68},"skip":true}]},"15":{"line":129,"type":"if","locations":[{"start":{"line":129,"column":16},"end":{"line":129,"column":16},"skip":true},{"start":{"line":129,"column":16},"end":{"line":129,"column":16},"skip":true}]},"16":{"line":134,"type":"cond-expr","locations":[{"start":{"line":135,"column":26},"end":{"line":135,"column":29},"skip":true},{"start":{"line":136,"column":26},"end":{"line":136,"column":54},"skip":true}]},"17":{"line":164,"type":"binary-expr","locations":[{"start":{"line":164,"column":27},"end":{"line":164,"column":43},"skip":true},{"start":{"line":164,"column":47},"end":{"line":164,"column":49},"skip":true}]},"18":{"line":258,"type":"if","locations":[{"start":{"line":258,"column":8},"end":{"line":258,"column":8},"skip":true},{"start":{"line":258,"column":8},"end":{"line":258,"column":8},"skip":true}]},"19":{"line":275,"type":"switch","locations":[{"start":{"line":276,"column":20},"end":{"line":277,"column":64},"skip":true},{"start":{"line":278,"column":20},"end":{"line":279,"column":40},"skip":true},{"start":{"line":280,"column":20},"end":{"line":281,"column":40},"skip":true},{"start":{"line":282,"column":20},"end":{"line":283,"column":39},"skip":true}]},"20":{"line":288,"type":"if","locations":[{"start":{"line":288,"column":8},"end":{"line":288,"column":8},"skip":true},{"start":{"line":288,"column":8},"end":{"line":288,"column":8},"skip":true}]},"21":{"line":288,"type":"binary-expr","locations":[{"start":{"line":288,"column":12},"end":{"line":288,"column":40},"skip":true},{"start":{"line":288,"column":44},"end":{"line":288,"column":67},"skip":true}]},"22":{"line":292,"type":"binary-expr","locations":[{"start":{"line":292,"column":12},"end":{"line":292,"column":50},"skip":true},{"start":{"line":293,"column":12},"end":{"line":293,"column":53},"skip":true}]},"23":{"line":295,"type":"binary-expr","locations":[{"start":{"line":295,"column":12},"end":{"line":295,"column":64},"skip":true},{"start":{"line":296,"column":12},"end":{"line":301,"column":36},"skip":true}]},"24":{"line":302,"type":"binary-expr","locations":[{"start":{"line":302,"column":43},"end":{"line":302,"column":75},"skip":true},{"start":{"line":302,"column":79},"end":{"line":302,"column":81},"skip":true}]},"25":{"line":305,"type":"if","locations":[{"start":{"line":305,"column":8},"end":{"line":305,"column":8},"skip":true},{"start":{"line":305,"column":8},"end":{"line":305,"column":8},"skip":true}]},"26":{"line":309,"type":"if","locations":[{"start":{"line":309,"column":8},"end":{"line":309,"column":8},"skip":true},{"start":{"line":309,"column":8},"end":{"line":309,"column":8},"skip":true}]},"27":{"line":312,"type":"binary-expr","locations":[{"start":{"line":312,"column":27},"end":{"line":312,"column":43},"skip":true},{"start":{"line":312,"column":47},"end":{"line":312,"column":53},"skip":true}]},"28":{"line":316,"type":"if","locations":[{"start":{"line":316,"column":12},"end":{"line":316,"column":12},"skip":true},{"start":{"line":316,"column":12},"end":{"line":316,"column":12},"skip":true}]}},"code":["/*","example.js","","quickstart example","","instruction","    1. save this script as example.js","    2. run the shell command:","        $ npm install npmtest-mysql2 && PORT=8081 node example.js","    3. play with the browser-demo on http://127.0.0.1:8081","*/","","","","/* istanbul instrument in package npmtest_mysql2 */","/*jslint","    bitwise: true,","    browser: true,","    maxerr: 8,","    maxlen: 96,","    node: true,","    nomen: true,","    regexp: true,","    stupid: true","*/","(function () {","    'use strict';","    var local;","","","","    // run shared js-env code - pre-init","    (function () {","        // init local","        local = {};","        // init modeJs","        local.modeJs = (function () {","            try {","                return typeof navigator.userAgent === 'string' &&","                    typeof document.querySelector('body') === 'object' &&","                    typeof XMLHttpRequest.prototype.open === 'function' &&","                    'browser';","            } catch (errorCaughtBrowser) {","                return module.exports &&","                    typeof process.versions.node === 'string' &&","                    typeof require('http').createServer === 'function' &&","                    'node';","            }","        }());","        // init global","        local.global = local.modeJs === 'browser'","            ? window","            : global;","        // init utility2_rollup","        local = local.global.utility2_rollup || (local.modeJs === 'browser'","            ? local.global.utility2_npmtest_mysql2","            : global.utility2_moduleExports);","        // export local","        local.global.local = local;","    }());","    switch (local.modeJs) {","","","","    // post-init","    // run browser js-env code - post-init","    /* istanbul ignore next */","    case 'browser':","        local.testRunBrowser = function (event) {","            if (!event || (event &&","                    event.currentTarget &&","                    event.currentTarget.className &&","                    event.currentTarget.className.includes &&","                    event.currentTarget.className.includes('onreset'))) {","                // reset output","                Array.from(","                    document.querySelectorAll('body > .resettable')","                ).forEach(function (element) {","                    switch (element.tagName) {","                    case 'INPUT':","                    case 'TEXTAREA':","                        element.value = '';","                        break;","                    default:","                        element.textContent = '';","                    }","                });","            }","            switch (event && event.currentTarget && event.currentTarget.id) {","            case 'testRunButton1':","                // show tests","                if (document.querySelector('#testReportDiv1').style.display === 'none') {","                    document.querySelector('#testReportDiv1').style.display = 'block';","                    document.querySelector('#testRunButton1').textContent =","                        'hide internal test';","                    local.modeTest = true;","                    local.testRunDefault(local);","                // hide tests","                } else {","                    document.querySelector('#testReportDiv1').style.display = 'none';","                    document.querySelector('#testRunButton1').textContent = 'run internal test';","                }","                break;","            // custom-case","            default:","                break;","            }","            if (document.querySelector('#inputTextareaEval1') && (!event || (event &&","                    event.currentTarget &&","                    event.currentTarget.className &&","                    event.currentTarget.className.includes &&","                    event.currentTarget.className.includes('oneval')))) {","                // try to eval input-code","                try {","                    /*jslint evil: true*/","                    eval(document.querySelector('#inputTextareaEval1').value);","                } catch (errorCaught) {","                    console.error(errorCaught);","                }","            }","        };","        // log stderr and stdout to #outputTextareaStdout1","        ['error', 'log'].forEach(function (key) {","            console[key + '_original'] = console[key];","            console[key] = function () {","                var element;","                console[key + '_original'].apply(console, arguments);","                element = document.querySelector('#outputTextareaStdout1');","                if (!element) {","                    return;","                }","                // append text to #outputTextareaStdout1","                element.value += Array.from(arguments).map(function (arg) {","                    return typeof arg === 'string'","                        ? arg","                        : JSON.stringify(arg, null, 4);","                }).join(' ') + '\\n';","                // scroll textarea to bottom","                element.scrollTop = element.scrollHeight;","            };","        });","        // init event-handling","        ['change', 'click', 'keyup'].forEach(function (event) {","            Array.from(document.querySelectorAll('.on' + event)).forEach(function (element) {","                element.addEventListener(event, local.testRunBrowser);","            });","        });","        // run tests","        local.testRunBrowser();","        break;","","","","    // run node js-env code - post-init","    /* istanbul ignore next */","    case 'node':","        // export local","        module.exports = local;","        // require modules","        local.fs = require('fs');","        local.http = require('http');","        local.url = require('url');","        // init assets","        local.assetsDict = local.assetsDict || {};","        /* jslint-ignore-begin */","        local.assetsDict['/assets.index.template.html'] = '\\","<!doctype html>\\n\\","<html lang=\"en\">\\n\\","<head>\\n\\","<meta charset=\"UTF-8\">\\n\\","<meta name=\"viewport\" content=\"width=device-width, initial-scale=1\">\\n\\","<title>{{env.npm_package_name}} (v{{env.npm_package_version}})</title>\\n\\","<style>\\n\\","/*csslint\\n\\","    box-sizing: false,\\n\\","    universal-selector: false\\n\\","*/\\n\\","* {\\n\\","    box-sizing: border-box;\\n\\","}\\n\\","body {\\n\\","    background: #dde;\\n\\","    font-family: Arial, Helvetica, sans-serif;\\n\\","    margin: 2rem;\\n\\","}\\n\\","body > * {\\n\\","    margin-bottom: 1rem;\\n\\","}\\n\\",".utility2FooterDiv {\\n\\","    margin-top: 20px;\\n\\","    text-align: center;\\n\\","}\\n\\","</style>\\n\\","<style>\\n\\","/*csslint\\n\\","*/\\n\\","textarea {\\n\\","    font-family: monospace;\\n\\","    height: 10rem;\\n\\","    width: 100%;\\n\\","}\\n\\","textarea[readonly] {\\n\\","    background: #ddd;\\n\\","}\\n\\","</style>\\n\\","</head>\\n\\","<body>\\n\\","<!-- utility2-comment\\n\\","<div id=\"ajaxProgressDiv1\" style=\"background: #d00; height: 2px; left: 0; margin: 0; padding: 0; position: fixed; top: 0; transition: background 0.5s, width 1.5s; width: 25%;\"></div>\\n\\","utility2-comment -->\\n\\","<h1>\\n\\","<!-- utility2-comment\\n\\","    <a\\n\\","        {{#if env.npm_package_homepage}}\\n\\","        href=\"{{env.npm_package_homepage}}\"\\n\\","        {{/if env.npm_package_homepage}}\\n\\","        target=\"_blank\"\\n\\","    >\\n\\","utility2-comment -->\\n\\","        {{env.npm_package_name}} (v{{env.npm_package_version}})\\n\\","<!-- utility2-comment\\n\\","    </a>\\n\\","utility2-comment -->\\n\\","</h1>\\n\\","<h3>{{env.npm_package_description}}</h3>\\n\\","<!-- utility2-comment\\n\\","<h4><a download href=\"assets.app.js\">download standalone app</a></h4>\\n\\","<button class=\"onclick onreset\" id=\"testRunButton1\">run internal test</button><br>\\n\\","<div id=\"testReportDiv1\" style=\"display: none;\"></div>\\n\\","utility2-comment -->\\n\\","\\n\\","\\n\\","\\n\\","<label>stderr and stdout</label>\\n\\","<textarea class=\"resettable\" id=\"outputTextareaStdout1\" readonly></textarea>\\n\\","<!-- utility2-comment\\n\\","{{#if isRollup}}\\n\\","<script src=\"assets.app.js\"></script>\\n\\","{{#unless isRollup}}\\n\\","utility2-comment -->\\n\\","<script src=\"assets.utility2.rollup.js\"></script>\\n\\","<script src=\"jsonp.utility2._stateInit?callback=window.utility2._stateInit\"></script>\\n\\","<script src=\"assets.npmtest_mysql2.rollup.js\"></script>\\n\\","<script src=\"assets.example.js\"></script>\\n\\","<script src=\"assets.test.js\"></script>\\n\\","<!-- utility2-comment\\n\\","{{/if isRollup}}\\n\\","utility2-comment -->\\n\\","<div class=\"utility2FooterDiv\">\\n\\","    [ this app was created with\\n\\","    <a href=\"https://github.com/kaizhu256/node-utility2\" target=\"_blank\">utility2</a>\\n\\","    ]\\n\\","</div>\\n\\","</body>\\n\\","</html>\\n\\","';","        /* jslint-ignore-end */","        if (local.templateRender) {","            local.assetsDict['/'] = local.templateRender(","                local.assetsDict['/assets.index.template.html'],","                {","                    env: local.objectSetDefault(local.env, {","                        npm_package_description: 'the greatest app in the world!',","                        npm_package_name: 'my-app',","                        npm_package_nameAlias: 'my_app',","                        npm_package_version: '0.0.1'","                    })","                }","            );","        } else {","            local.assetsDict['/'] = local.assetsDict['/assets.index.template.html']","                .replace((/\\{\\{env\\.(\\w+?)\\}\\}/g), function (match0, match1) {","                    // jslint-hack","                    String(match0);","                    switch (match1) {","                    case 'npm_package_description':","                        return 'the greatest app in the world!';","                    case 'npm_package_name':","                        return 'my-app';","                    case 'npm_package_nameAlias':","                        return 'my_app';","                    case 'npm_package_version':","                        return '0.0.1';","                    }","                });","        }","        // run the cli","        if (local.global.utility2_rollup || module !== require.main) {","            break;","        }","        local.assetsDict['/assets.example.js'] =","            local.assetsDict['/assets.example.js'] ||","            local.fs.readFileSync(__filename, 'utf8');","        local.assetsDict['/assets.npmtest_mysql2.rollup.js'] =","            local.assetsDict['/assets.npmtest_mysql2.rollup.js'] ||","            local.fs.readFileSync(","                // buildCustomOrg-hack","                local.npmtest_mysql2.__dirname +","                    '/lib.npmtest_mysql2.js',","                'utf8'","            ).replace((/^#!/), '//');","        local.assetsDict['/favicon.ico'] = local.assetsDict['/favicon.ico'] || '';","        // if $npm_config_timeout_exit exists,","        // then exit this process after $npm_config_timeout_exit ms","        if (Number(process.env.npm_config_timeout_exit)) {","            setTimeout(process.exit, Number(process.env.npm_config_timeout_exit));","        }","        // start server","        if (local.global.utility2_serverHttp1) {","            break;","        }","        process.env.PORT = process.env.PORT || '8081';","        console.error('server starting on port ' + process.env.PORT);","        local.http.createServer(function (request, response) {","            request.urlParsed = local.url.parse(request.url);","            if (local.assetsDict[request.urlParsed.pathname] !== undefined) {","                response.end(local.assetsDict[request.urlParsed.pathname]);","                return;","            }","            response.statusCode = 404;","            response.end();","        }).listen(process.env.PORT);","        break;","    }","}());",""],"l":{"26":2,"28":2,"33":2,"35":2,"37":2,"38":2,"39":2,"44":1,"51":2,"55":2,"59":2,"61":2,"69":1,"70":2,"76":2,"79":2,"82":2,"83":2,"85":1,"89":2,"92":1,"93":1,"94":1,"96":1,"97":1,"100":1,"101":1,"103":1,"106":1,"108":2,"114":1,"116":1,"118":1,"123":1,"124":2,"125":2,"126":2,"127":2,"128":2,"129":2,"130":1,"133":2,"134":2,"139":2,"143":1,"144":3,"145":1,"149":1,"150":1,"158":1,"160":1,"161":1,"162":1,"164":1,"166":1,"258":1,"259":1,"271":1,"274":6,"275":6,"277":1,"279":2,"281":1,"283":2,"288":1,"289":1,"291":1,"294":1,"302":1,"305":1,"306":1,"309":1,"310":1,"312":1,"313":1,"314":1,"315":1,"316":1,"317":1,"318":1,"320":1,"321":1,"323":1}},"/home/travis/build/npmtest/node-npmtest-mysql2/node_modules/mysql2/index.js":{"path":"/home/travis/build/npmtest/node-npmtest-mysql2/node_modules/mysql2/index.js","s":{"1":1,"2":1,"3":1,"4":1,"5":0,"6":1,"7":1,"8":1,"9":0,"10":0,"11":0,"12":1,"13":0,"14":0,"15":1,"16":0,"17":0,"18":0,"19":0,"20":0,"21":1,"22":1,"23":1,"24":1,"25":2,"26":1,"27":2,"28":1,"29":2,"30":1,"31":2,"32":1,"33":2,"34":1,"35":2},"b":{"1":[0,0]},"f":{"1":0,"2":0,"3":0,"4":0,"5":2,"6":2,"7":2,"8":2,"9":2,"10":2},"fnMap":{"1":{"name":"(anonymous_1)","line":6,"loc":{"start":{"line":6,"column":34},"end":{"line":6,"column":50}}},"2":{"name":"(anonymous_2)","line":13,"loc":{"start":{"line":13,"column":28},"end":{"line":13,"column":46}}},"3":{"name":"(anonymous_3)","line":19,"loc":{"start":{"line":19,"column":28},"end":{"line":19,"column":46}}},"4":{"name":"(anonymous_4)","line":24,"loc":{"start":{"line":24,"column":30},"end":{"line":24,"column":49}}},"5":{"name":"(anonymous_5)","line":37,"loc":{"start":{"line":37,"column":52},"end":{"line":37,"column":64}}},"6":{"name":"(anonymous_6)","line":41,"loc":{"start":{"line":41,"column":46},"end":{"line":41,"column":58}}},"7":{"name":"(anonymous_7)","line":45,"loc":{"start":{"line":45,"column":53},"end":{"line":45,"column":65}}},"8":{"name":"(anonymous_8)","line":49,"loc":{"start":{"line":49,"column":34},"end":{"line":49,"column":46}}},"9":{"name":"(anonymous_9)","line":53,"loc":{"start":{"line":53,"column":37},"end":{"line":53,"column":49}}},"10":{"name":"(anonymous_10)","line":57,"loc":{"start":{"line":57,"column":46},"end":{"line":57,"column":58}}}},"statementMap":{"1":{"start":{"line":1,"column":0},"end":{"line":1,"column":37}},"2":{"start":{"line":3,"column":0},"end":{"line":3,"column":48}},"3":{"start":{"line":4,"column":0},"end":{"line":4,"column":61}},"4":{"start":{"line":6,"column":0},"end":{"line":8,"column":2}},"5":{"start":{"line":7,"column":2},"end":{"line":7,"column":62}},"6":{"start":{"line":10,"column":0},"end":{"line":10,"column":57}},"7":{"start":{"line":11,"column":0},"end":{"line":11,"column":39}},"8":{"start":{"line":13,"column":0},"end":{"line":17,"column":2}},"9":{"start":{"line":14,"column":2},"end":{"line":14,"column":51}},"10":{"start":{"line":15,"column":2},"end":{"line":15,"column":38}},"11":{"start":{"line":16,"column":2},"end":{"line":16,"column":52}},"12":{"start":{"line":19,"column":0},"end":{"line":22,"column":2}},"13":{"start":{"line":20,"column":2},"end":{"line":20,"column":53}},"14":{"start":{"line":21,"column":2},"end":{"line":21,"column":33}},"15":{"start":{"line":24,"column":0},"end":{"line":31,"column":2}},"16":{"start":{"line":25,"column":2},"end":{"line":25,"column":42}},"17":{"start":{"line":26,"column":2},"end":{"line":26,"column":23}},"18":{"start":{"line":27,"column":2},"end":{"line":29,"column":3}},"19":{"start":{"line":28,"column":4},"end":{"line":28,"column":32}},"20":{"start":{"line":30,"column":2},"end":{"line":30,"column":11}},"21":{"start":{"line":33,"column":0},"end":{"line":33,"column":34}},"22":{"start":{"line":34,"column":0},"end":{"line":34,"column":38}},"23":{"start":{"line":35,"column":0},"end":{"line":35,"column":34}},"24":{"start":{"line":37,"column":0},"end":{"line":39,"column":3}},"25":{"start":{"line":38,"column":2},"end":{"line":38,"column":50}},"26":{"start":{"line":41,"column":0},"end":{"line":43,"column":3}},"27":{"start":{"line":42,"column":2},"end":{"line":42,"column":44}},"28":{"start":{"line":45,"column":0},"end":{"line":47,"column":3}},"29":{"start":{"line":46,"column":2},"end":{"line":46,"column":51}},"30":{"start":{"line":49,"column":0},"end":{"line":51,"column":3}},"31":{"start":{"line":50,"column":2},"end":{"line":50,"column":45}},"32":{"start":{"line":53,"column":0},"end":{"line":55,"column":3}},"33":{"start":{"line":54,"column":2},"end":{"line":54,"column":48}},"34":{"start":{"line":57,"column":0},"end":{"line":59,"column":3}},"35":{"start":{"line":58,"column":2},"end":{"line":58,"column":57}}},"branchMap":{"1":{"line":27,"type":"if","locations":[{"start":{"line":27,"column":2},"end":{"line":27,"column":2}},{"start":{"line":27,"column":2},"end":{"line":27,"column":2}}]}},"code":["var SqlString = require('sqlstring');","","var Connection = require('./lib/connection.js');","var ConnectionConfig = require('./lib/connection_config.js');","","module.exports.createConnection = function (opts) {","  return new Connection({config: new ConnectionConfig(opts)});","};","","module.exports.connect = module.exports.createConnection;","module.exports.Connection = Connection;","","module.exports.createPool = function (config) {","  var PoolConfig = require('./lib/pool_config.js');","  var Pool = require('./lib/pool.js');","  return new Pool({config: new PoolConfig(config)});","};","","exports.createPoolCluster = function (config) {","  var PoolCluster = require('./lib/pool_cluster.js');","  return new PoolCluster(config);","};","","module.exports.createServer = function (handler) {","  var Server = require('./lib/server.js');","  var s = new Server();","  if (handler) {","    s.on('connection', handler);","  }","  return s;","};","","exports.escape = SqlString.escape;","exports.escapeId = SqlString.escapeId;","exports.format = SqlString.format;","","exports.__defineGetter__('createConnectionPromise', function () {","  return require('./promise.js').createConnection;","});","","exports.__defineGetter__('createPoolPromise', function () {","  return require('./promise.js').createPool;","});","","exports.__defineGetter__('createPoolClusterPromise', function () {","  return require('./promise.js').createPoolCluster;","});","","exports.__defineGetter__('Types', function () {","  return require('./lib/constants/types.js');","});","","exports.__defineGetter__('Charsets', function () {","  return require('./lib/constants/charsets.js');","});","","exports.__defineGetter__('CharsetToEncoding', function () {","  return require('./lib/constants/charset_encodings.js');","});",""],"l":{"1":1,"3":1,"4":1,"6":1,"7":0,"10":1,"11":1,"13":1,"14":0,"15":0,"16":0,"19":1,"20":0,"21":0,"24":1,"25":0,"26":0,"27":0,"28":0,"30":0,"33":1,"34":1,"35":1,"37":1,"38":2,"41":1,"42":2,"45":1,"46":2,"49":1,"50":2,"53":1,"54":2,"57":1,"58":2}},"/home/travis/build/npmtest/node-npmtest-mysql2/node_modules/mysql2/lib/connection.js":{"path":"/home/travis/build/npmtest/node-npmtest-mysql2/node_modules/mysql2/lib/connection.js","s":{"1":1,"2":1,"3":1,"4":1,"5":1,"6":1,"7":1,"8":1,"9":1,"10":1,"11":1,"12":1,"13":1,"14":1,"15":1,"16":1,"17":1,"18":1,"19":0,"20":0,"21":0,"22":0,"23":0,"24":0,"25":0,"26":0,"27":0,"28":0,"29":0,"30":0,"31":0,"32":0,"33":0,"34":0,"35":0,"36":0,"37":0,"38":0,"39":0,"40":0,"41":0,"42":0,"43":0,"44":0,"45":0,"46":0,"47":0,"48":0,"49":0,"50":0,"51":0,"52":0,"53":0,"54":0,"55":0,"56":0,"57":0,"58":0,"59":0,"60":0,"61":0,"62":0,"63":0,"64":0,"65":0,"66":0,"67":0,"68":0,"69":0,"70":0,"71":0,"72":0,"73":0,"74":0,"75":0,"76":0,"77":0,"78":1,"79":1,"80":0,"81":0,"82":0,"83":0,"84":0,"85":1,"86":0,"87":0,"88":0,"89":0,"90":0,"91":0,"92":0,"93":0,"94":1,"95":0,"96":1,"97":0,"98":0,"99":0,"100":0,"101":0,"102":0,"103":0,"104":0,"105":0,"106":1,"107":0,"108":0,"109":0,"110":0,"111":0,"112":0,"113":0,"114":0,"115":0,"116":0,"117":0,"118":0,"119":0,"120":0,"121":0,"122":1,"123":0,"124":0,"125":0,"126":0,"127":1,"128":0,"129":0,"130":1,"131":0,"132":0,"133":1,"134":0,"135":0,"136":1,"137":0,"138":0,"139":0,"140":0,"141":0,"142":0,"143":0,"144":0,"145":0,"146":0,"147":0,"148":0,"149":0,"150":0,"151":0,"152":0,"153":0,"154":0,"155":0,"156":0,"157":0,"158":1,"159":1,"160":0,"161":0,"162":0,"163":0,"164":0,"165":0,"166":0,"167":0,"168":0,"169":0,"170":0,"171":0,"172":0,"173":0,"174":0,"175":0,"176":0,"177":0,"178":0,"179":0,"180":0,"181":0,"182":0,"183":0,"184":0,"185":0,"186":0,"187":0,"188":0,"189":0,"190":0,"191":0,"192":0,"193":0,"194":0,"195":0,"196":0,"197":0,"198":0,"199":0,"200":0,"201":1,"202":0,"203":0,"204":0,"205":0,"206":0,"207":0,"208":1,"209":0,"210":0,"211":0,"212":0,"213":1,"214":0,"215":0,"216":0,"217":0,"218":0,"219":0,"220":0,"221":0,"222":0,"223":0,"224":0,"225":0,"226":0,"227":0,"228":0,"229":0,"230":0,"231":0,"232":0,"233":0,"234":0,"235":0,"236":0,"237":0,"238":0,"239":1,"240":0,"241":0,"242":0,"243":0,"244":0,"245":0,"246":0,"247":0,"248":1,"249":0,"250":0,"251":0,"252":0,"253":0,"254":1,"255":0,"256":1,"257":0,"258":1,"259":1,"260":0,"261":0,"262":0,"263":0,"264":0,"265":0,"266":0,"267":1,"268":0,"269":0,"270":0,"271":0,"272":0,"273":0,"274":0,"275":0,"276":0,"277":0,"278":0,"279":0,"280":0,"281":0,"282":1,"283":0,"284":0,"285":0,"286":0,"287":0,"288":0,"289":0,"290":0,"291":1,"292":0,"293":0,"294":1,"295":0,"296":0,"297":0,"298":0,"299":0,"300":0,"301":0,"302":1,"303":0,"304":0,"305":0,"306":0,"307":1,"308":0,"309":1,"310":0,"311":0,"312":0,"313":1,"314":0,"315":0,"316":0,"317":0,"318":0,"319":0,"320":0,"321":0,"322":0,"323":0,"324":1,"325":0,"326":0,"327":0,"328":0,"329":0,"330":0,"331":0,"332":0,"333":0,"334":0,"335":0,"336":0,"337":0,"338":0,"339":0,"340":0,"341":0,"342":0,"343":0,"344":0,"345":0,"346":0,"347":0,"348":0,"349":0,"350":0,"351":1,"352":0,"353":0,"354":0,"355":0,"356":0,"357":0,"358":0,"359":0,"360":0,"361":1,"362":0,"363":1,"364":0,"365":1,"366":0,"367":1,"368":0,"369":1,"370":0,"371":1,"372":0,"373":1,"374":0,"375":1,"376":0,"377":0,"378":0,"379":0,"380":1,"381":0,"382":0,"383":0,"384":0,"385":0,"386":0,"387":0,"388":0,"389":0,"390":0,"391":0,"392":0,"393":0,"394":0,"395":0,"396":1,"397":0,"398":0,"399":0,"400":1,"401":0,"402":0,"403":0,"404":0,"405":0,"406":0,"407":0,"408":0,"409":1,"410":0,"411":0,"412":0,"413":0,"414":0,"415":1,"416":0,"417":1,"418":0,"419":0,"420":0,"421":0,"422":0,"423":0,"424":0,"425":0,"426":1,"427":0,"428":1,"429":0,"430":0,"431":0,"432":1,"433":0,"434":0,"435":1,"436":0,"437":0,"438":0,"439":1,"440":0,"441":0,"442":0,"443":0,"444":0,"445":0,"446":0,"447":0,"448":0,"449":0,"450":0,"451":1},"b":{"1":[0,0],"2":[0,0],"3":[0,0],"4":[0,0],"5":[0,0],"6":[0,0],"7":[0,0],"8":[0,0],"9":[0,0],"10":[0,0],"11":[0,0],"12":[0,0],"13":[0,0],"14":[0,0],"15":[0,0],"16":[0,0],"17":[0,0],"18":[0,0],"19":[0,0],"20":[0,0],"21":[0,0],"22":[0,0],"23":[1,0],"24":[0,0],"25":[0,0],"26":[0,0],"27":[0,0],"28":[0,0],"29":[0,0],"30":[0,0],"31":[0,0],"32":[0,0],"33":[0,0],"34":[0,0],"35":[0,0],"36":[0,0],"37":[0,0],"38":[0,0],"39":[0,0],"40":[0,0],"41":[0,0],"42":[0,0],"43":[0,0],"44":[0,0],"45":[0,0],"46":[0,0],"47":[0,0],"48":[0,0],"49":[0,0],"50":[0,0],"51":[0,0],"52":[0,0],"53":[0,0],"54":[0,0],"55":[0,0],"56":[0,0],"57":[0,0],"58":[0,0],"59":[0,0],"60":[0,0],"61":[0,0],"62":[0,0],"63":[0,0],"64":[0,0],"65":[0,0],"66":[0,0],"67":[0,0],"68":[0,0],"69":[0,0],"70":[0,0],"71":[0,0],"72":[0,0],"73":[0,0],"74":[0,0],"75":[0,0],"76":[0,0],"77":[0,0],"78":[0,0],"79":[0,0],"80":[0,0]},"f":{"1":0,"2":0,"3":0,"4":0,"5":0,"6":0,"7":0,"8":0,"9":0,"10":0,"11":0,"12":0,"13":0,"14":0,"15":0,"16":0,"17":0,"18":0,"19":0,"20":0,"21":0,"22":0,"23":0,"24":0,"25":0,"26":0,"27":0,"28":0,"29":0,"30":0,"31":0,"32":0,"33":0,"34":0,"35":0,"36":0,"37":0,"38":0,"39":0,"40":0,"41":0,"42":0,"43":0,"44":0,"45":0,"46":0,"47":0,"48":0,"49":0,"50":0,"51":0,"52":0,"53":0,"54":0,"55":0,"56":0,"57":0,"58":0,"59":0,"60":0,"61":0,"62":0,"63":0,"64":0,"65":0,"66":0,"67":0,"68":0,"69":0,"70":0,"71":0,"72":0,"73":0,"74":0,"75":0,"76":0,"77":0,"78":0,"79":0,"80":0},"fnMap":{"1":{"name":"(anonymous_1)","line":19,"loc":{"start":{"line":19,"column":11},"end":{"line":19,"column":23}}},"2":{"name":"Connection","line":21,"loc":{"start":{"line":21,"column":0},"end":{"line":22,"column":0}}},"3":{"name":"(anonymous_3)","line":57,"loc":{"start":{"line":57,"column":13},"end":{"line":57,"column":39}}},"4":{"name":"(anonymous_4)","line":92,"loc":{"start":{"line":92,"column":39},"end":{"line":92,"column":52}}},"5":{"name":"(anonymous_5)","line":96,"loc":{"start":{"line":96,"column":25},"end":{"line":96,"column":41}}},"6":{"name":"(anonymous_6)","line":104,"loc":{"start":{"line":104,"column":24},"end":{"line":104,"column":36}}},"7":{"name":"(anonymous_7)","line":121,"loc":{"start":{"line":121,"column":31},"end":{"line":121,"column":43}}},"8":{"name":"(anonymous_8)","line":126,"loc":{"start":{"line":126,"column":33},"end":{"line":126,"column":48}}},"9":{"name":"(anonymous_9)","line":144,"loc":{"start":{"line":144,"column":46},"end":{"line":144,"column":61}}},"10":{"name":"(anonymous_10)","line":154,"loc":{"start":{"line":154,"column":41},"end":{"line":154,"column":56}}},"11":{"name":"(anonymous_11)","line":160,"loc":{"start":{"line":160,"column":21},"end":{"line":160,"column":33}}},"12":{"name":"(anonymous_12)","line":167,"loc":{"start":{"line":167,"column":43},"end":{"line":167,"column":58}}},"13":{"name":"(anonymous_13)","line":171,"loc":{"start":{"line":171,"column":43},"end":{"line":171,"column":55}}},"14":{"name":"(anonymous_14)","line":189,"loc":{"start":{"line":189,"column":36},"end":{"line":189,"column":51}}},"15":{"name":"(anonymous_15)","line":222,"loc":{"start":{"line":222,"column":29},"end":{"line":222,"column":47}}},"16":{"name":"(anonymous_16)","line":224,"loc":{"start":{"line":224,"column":28},"end":{"line":224,"column":43}}},"17":{"name":"(anonymous_17)","line":238,"loc":{"start":{"line":238,"column":40},"end":{"line":238,"column":52}}},"18":{"name":"(anonymous_18)","line":243,"loc":{"start":{"line":243,"column":49},"end":{"line":243,"column":71}}},"19":{"name":"(anonymous_19)","line":248,"loc":{"start":{"line":248,"column":39},"end":{"line":248,"column":61}}},"20":{"name":"(anonymous_20)","line":253,"loc":{"start":{"line":253,"column":35},"end":{"line":253,"column":53}}},"21":{"name":"_startTLS","line":287,"loc":{"start":{"line":287,"column":34},"end":{"line":287,"column":64}}},"22":{"name":"(anonymous_22)","line":311,"loc":{"start":{"line":311,"column":33},"end":{"line":311,"column":48}}},"23":{"name":"(anonymous_23)","line":319,"loc":{"start":{"line":319,"column":30},"end":{"line":319,"column":42}}},"24":{"name":"(anonymous_24)","line":323,"loc":{"start":{"line":323,"column":28},"end":{"line":323,"column":44}}},"25":{"name":"(anonymous_25)","line":326,"loc":{"start":{"line":326,"column":23},"end":{"line":326,"column":41}}},"26":{"name":"_startTLS","line":333,"loc":{"start":{"line":333,"column":34},"end":{"line":333,"column":64}}},"27":{"name":"(anonymous_27)","line":357,"loc":{"start":{"line":357,"column":36},"end":{"line":357,"column":52}}},"28":{"name":"(anonymous_28)","line":360,"loc":{"start":{"line":360,"column":23},"end":{"line":360,"column":41}}},"29":{"name":"(anonymous_29)","line":363,"loc":{"start":{"line":363,"column":28},"end":{"line":363,"column":40}}},"30":{"name":"(anonymous_30)","line":369,"loc":{"start":{"line":369,"column":28},"end":{"line":369,"column":40}}},"31":{"name":"(anonymous_31)","line":372,"loc":{"start":{"line":372,"column":25},"end":{"line":372,"column":53}}},"32":{"name":"(anonymous_32)","line":376,"loc":{"start":{"line":376,"column":27},"end":{"line":376,"column":43}}},"33":{"name":"(anonymous_33)","line":382,"loc":{"start":{"line":382,"column":37},"end":{"line":382,"column":62}}},"34":{"name":"(anonymous_34)","line":389,"loc":{"start":{"line":389,"column":36},"end":{"line":389,"column":54}}},"35":{"name":"(anonymous_35)","line":429,"loc":{"start":{"line":429,"column":34},"end":{"line":429,"column":49}}},"36":{"name":"(anonymous_36)","line":447,"loc":{"start":{"line":447,"column":30},"end":{"line":447,"column":53}}},"37":{"name":"(anonymous_37)","line":459,"loc":{"start":{"line":459,"column":30},"end":{"line":459,"column":47}}},"38":{"name":"escapeId","line":463,"loc":{"start":{"line":463,"column":32},"end":{"line":463,"column":58}}},"39":{"name":"(anonymous_39)","line":468,"loc":{"start":{"line":468,"column":49},"end":{"line":468,"column":68}}},"40":{"name":"createQuery","line":480,"loc":{"start":{"line":480,"column":25},"end":{"line":480,"column":72}}},"41":{"name":"query","line":505,"loc":{"start":{"line":505,"column":29},"end":{"line":505,"column":62}}},"42":{"name":"pause","line":518,"loc":{"start":{"line":518,"column":29},"end":{"line":518,"column":47}}},"43":{"name":"resume","line":523,"loc":{"start":{"line":523,"column":30},"end":{"line":523,"column":49}}},"44":{"name":"keyFromFields","line":536,"loc":{"start":{"line":536,"column":37},"end":{"line":536,"column":78}}},"45":{"name":"(anonymous_45)","line":545,"loc":{"start":{"line":545,"column":26},"end":{"line":545,"column":45}}},"46":{"name":"prepare","line":551,"loc":{"start":{"line":551,"column":31},"end":{"line":551,"column":62}}},"47":{"name":"unprepare","line":558,"loc":{"start":{"line":558,"column":33},"end":{"line":558,"column":58}}},"48":{"name":"execute","line":574,"loc":{"start":{"line":574,"column":31},"end":{"line":574,"column":66}}},"49":{"name":"(anonymous_49)","line":597,"loc":{"start":{"line":597,"column":53},"end":{"line":597,"column":74}}},"50":{"name":"(anonymous_50)","line":601,"loc":{"start":{"line":601,"column":29},"end":{"line":601,"column":41}}},"51":{"name":"changeUser","line":619,"loc":{"start":{"line":619,"column":34},"end":{"line":619,"column":74}}},"52":{"name":"(anonymous_52)","line":635,"loc":{"start":{"line":635,"column":5},"end":{"line":635,"column":20}}},"53":{"name":"(anonymous_53)","line":647,"loc":{"start":{"line":647,"column":40},"end":{"line":647,"column":54}}},"54":{"name":"(anonymous_54)","line":651,"loc":{"start":{"line":651,"column":30},"end":{"line":651,"column":44}}},"55":{"name":"(anonymous_55)","line":655,"loc":{"start":{"line":655,"column":32},"end":{"line":655,"column":46}}},"56":{"name":"ping","line":659,"loc":{"start":{"line":659,"column":28},"end":{"line":659,"column":47}}},"57":{"name":"registerSlave","line":663,"loc":{"start":{"line":663,"column":38},"end":{"line":663,"column":72}}},"58":{"name":"binlogDump","line":667,"loc":{"start":{"line":667,"column":35},"end":{"line":667,"column":66}}},"59":{"name":"(anonymous_59)","line":672,"loc":{"start":{"line":672,"column":31},"end":{"line":672,"column":43}}},"60":{"name":"(anonymous_60)","line":676,"loc":{"start":{"line":676,"column":29},"end":{"line":676,"column":41}}},"61":{"name":"(anonymous_61)","line":683,"loc":{"start":{"line":683,"column":42},"end":{"line":683,"column":58}}},"62":{"name":"(anonymous_62)","line":689,"loc":{"start":{"line":689,"column":17},"end":{"line":689,"column":29}}},"63":{"name":"(anonymous_63)","line":695,"loc":{"start":{"line":695,"column":34},"end":{"line":695,"column":49}}},"64":{"name":"(anonymous_64)","line":697,"loc":{"start":{"line":697,"column":24},"end":{"line":697,"column":38}}},"65":{"name":"(anonymous_65)","line":700,"loc":{"start":{"line":700,"column":22},"end":{"line":700,"column":34}}},"66":{"name":"(anonymous_66)","line":712,"loc":{"start":{"line":712,"column":31},"end":{"line":712,"column":45}}},"67":{"name":"callbackOnce","line":718,"loc":{"start":{"line":718,"column":2},"end":{"line":718,"column":41}}},"68":{"name":"(anonymous_68)","line":719,"loc":{"start":{"line":719,"column":11},"end":{"line":719,"column":28}}},"69":{"name":"(anonymous_69)","line":738,"loc":{"start":{"line":738,"column":36},"end":{"line":738,"column":55}}},"70":{"name":"(anonymous_70)","line":741,"loc":{"start":{"line":741,"column":18},"end":{"line":741,"column":36}}},"71":{"name":"(anonymous_71)","line":748,"loc":{"start":{"line":748,"column":36},"end":{"line":748,"column":54}}},"72":{"name":"(anonymous_72)","line":752,"loc":{"start":{"line":752,"column":39},"end":{"line":752,"column":64}}},"73":{"name":"(anonymous_73)","line":755,"loc":{"start":{"line":755,"column":15},"end":{"line":755,"column":30}}},"74":{"name":"(anonymous_74)","line":757,"loc":{"start":{"line":757,"column":20},"end":{"line":757,"column":38}}},"75":{"name":"(anonymous_75)","line":765,"loc":{"start":{"line":765,"column":32},"end":{"line":765,"column":65}}},"76":{"name":"(anonymous_76)","line":769,"loc":{"start":{"line":769,"column":31},"end":{"line":769,"column":47}}},"77":{"name":"(anonymous_77)","line":776,"loc":{"start":{"line":776,"column":34},"end":{"line":776,"column":50}}},"78":{"name":"serverHandshake","line":782,"loc":{"start":{"line":782,"column":39},"end":{"line":782,"column":71}}},"79":{"name":"(anonymous_79)","line":790,"loc":{"start":{"line":790,"column":27},"end":{"line":790,"column":47}}},"80":{"name":"(anonymous_80)","line":796,"loc":{"start":{"line":796,"column":17},"end":{"line":796,"column":29}}}},"statementMap":{"1":{"start":{"line":1,"column":0},"end":{"line":1,"column":25}},"2":{"start":{"line":2,"column":0},"end":{"line":2,"column":27}},"3":{"start":{"line":3,"column":0},"end":{"line":3,"column":25}},"4":{"start":{"line":4,"column":0},"end":{"line":4,"column":31}},"5":{"start":{"line":5,"column":0},"end":{"line":5,"column":50}},"6":{"start":{"line":6,"column":0},"end":{"line":6,"column":30}},"7":{"start":{"line":7,"column":0},"end":{"line":7,"column":37}},"8":{"start":{"line":8,"column":0},"end":{"line":8,"column":31}},"9":{"start":{"line":10,"column":0},"end":{"line":10,"column":49}},"10":{"start":{"line":11,"column":0},"end":{"line":11,"column":44}},"11":{"start":{"line":12,"column":0},"end":{"line":12,"column":44}},"12":{"start":{"line":13,"column":0},"end":{"line":13,"column":46}},"13":{"start":{"line":14,"column":0},"end":{"line":14,"column":57}},"14":{"start":{"line":15,"column":0},"end":{"line":15,"column":68}},"15":{"start":{"line":16,"column":0},"end":{"line":16,"column":43}},"16":{"start":{"line":18,"column":0},"end":{"line":18,"column":22}},"17":{"start":{"line":19,"column":0},"end":{"line":19,"column":26}},"18":{"start":{"line":21,"column":0},"end":{"line":141,"column":1}},"19":{"start":{"line":23,"column":2},"end":{"line":23,"column":26}},"20":{"start":{"line":24,"column":2},"end":{"line":24,"column":28}},"21":{"start":{"line":33,"column":2},"end":{"line":46,"column":3}},"22":{"start":{"line":34,"column":4},"end":{"line":38,"column":5}},"23":{"start":{"line":35,"column":6},"end":{"line":35,"column":56}},"24":{"start":{"line":37,"column":6},"end":{"line":37,"column":68}},"25":{"start":{"line":41,"column":4},"end":{"line":45,"column":5}},"26":{"start":{"line":42,"column":6},"end":{"line":42,"column":45}},"27":{"start":{"line":44,"column":6},"end":{"line":44,"column":39}},"28":{"start":{"line":47,"column":2},"end":{"line":47,"column":37}},"29":{"start":{"line":49,"column":2},"end":{"line":49,"column":31}},"30":{"start":{"line":50,"column":2},"end":{"line":50,"column":23}},"31":{"start":{"line":52,"column":2},"end":{"line":52,"column":23}},"32":{"start":{"line":53,"column":2},"end":{"line":53,"column":37}},"33":{"start":{"line":55,"column":2},"end":{"line":58,"column":5}},"34":{"start":{"line":57,"column":41},"end":{"line":57,"column":59}},"35":{"start":{"line":67,"column":2},"end":{"line":67,"column":32}},"36":{"start":{"line":71,"column":2},"end":{"line":71,"column":34}},"37":{"start":{"line":73,"column":2},"end":{"line":73,"column":33}},"38":{"start":{"line":74,"column":2},"end":{"line":74,"column":26}},"39":{"start":{"line":76,"column":2},"end":{"line":76,"column":24}},"40":{"start":{"line":78,"column":2},"end":{"line":78,"column":22}},"41":{"start":{"line":79,"column":2},"end":{"line":79,"column":32}},"42":{"start":{"line":81,"column":2},"end":{"line":81,"column":23}},"43":{"start":{"line":82,"column":2},"end":{"line":82,"column":31}},"44":{"start":{"line":83,"column":2},"end":{"line":83,"column":26}},"45":{"start":{"line":84,"column":2},"end":{"line":84,"column":29}},"46":{"start":{"line":85,"column":2},"end":{"line":85,"column":31}},"47":{"start":{"line":87,"column":2},"end":{"line":87,"column":69}},"48":{"start":{"line":89,"column":2},"end":{"line":89,"column":71}},"49":{"start":{"line":92,"column":2},"end":{"line":94,"column":5}},"50":{"start":{"line":93,"column":4},"end":{"line":93,"column":31}},"51":{"start":{"line":96,"column":2},"end":{"line":102,"column":5}},"52":{"start":{"line":97,"column":4},"end":{"line":100,"column":5}},"53":{"start":{"line":98,"column":6},"end":{"line":98,"column":53}},"54":{"start":{"line":99,"column":6},"end":{"line":99,"column":39}},"55":{"start":{"line":101,"column":4},"end":{"line":101,"column":42}},"56":{"start":{"line":104,"column":2},"end":{"line":117,"column":5}},"57":{"start":{"line":106,"column":4},"end":{"line":108,"column":5}},"58":{"start":{"line":107,"column":6},"end":{"line":107,"column":13}},"59":{"start":{"line":110,"column":4},"end":{"line":114,"column":5}},"60":{"start":{"line":111,"column":6},"end":{"line":111,"column":98}},"61":{"start":{"line":112,"column":6},"end":{"line":112,"column":45}},"62":{"start":{"line":113,"column":6},"end":{"line":113,"column":66}},"63":{"start":{"line":116,"column":4},"end":{"line":116,"column":55}},"64":{"start":{"line":118,"column":2},"end":{"line":118,"column":23}},"65":{"start":{"line":119,"column":2},"end":{"line":130,"column":3}},"66":{"start":{"line":120,"column":4},"end":{"line":120,"column":77}},"67":{"start":{"line":121,"column":4},"end":{"line":125,"column":7}},"68":{"start":{"line":122,"column":6},"end":{"line":122,"column":63}},"69":{"start":{"line":123,"column":6},"end":{"line":123,"column":68}},"70":{"start":{"line":124,"column":6},"end":{"line":124,"column":61}},"71":{"start":{"line":126,"column":4},"end":{"line":128,"column":7}},"72":{"start":{"line":127,"column":6},"end":{"line":127,"column":35}},"73":{"start":{"line":129,"column":4},"end":{"line":129,"column":38}},"74":{"start":{"line":135,"column":2},"end":{"line":135,"column":31}},"75":{"start":{"line":137,"column":2},"end":{"line":140,"column":3}},"76":{"start":{"line":138,"column":4},"end":{"line":138,"column":61}},"77":{"start":{"line":139,"column":4},"end":{"line":139,"column":88}},"78":{"start":{"line":142,"column":0},"end":{"line":142,"column":40}},"79":{"start":{"line":144,"column":0},"end":{"line":152,"column":2}},"80":{"start":{"line":145,"column":2},"end":{"line":145,"column":83}},"81":{"start":{"line":146,"column":2},"end":{"line":146,"column":19}},"82":{"start":{"line":147,"column":2},"end":{"line":151,"column":3}},"83":{"start":{"line":148,"column":4},"end":{"line":148,"column":22}},"84":{"start":{"line":150,"column":4},"end":{"line":150,"column":28}},"85":{"start":{"line":154,"column":0},"end":{"line":165,"column":2}},"86":{"start":{"line":155,"column":2},"end":{"line":155,"column":24}},"87":{"start":{"line":156,"column":2},"end":{"line":156,"column":19}},"88":{"start":{"line":158,"column":2},"end":{"line":158,"column":47}},"89":{"start":{"line":159,"column":2},"end":{"line":159,"column":60}},"90":{"start":{"line":160,"column":2},"end":{"line":162,"column":4}},"91":{"start":{"line":161,"column":4},"end":{"line":161,"column":72}},"92":{"start":{"line":163,"column":2},"end":{"line":163,"column":31}},"93":{"start":{"line":164,"column":2},"end":{"line":164,"column":31}},"94":{"start":{"line":167,"column":0},"end":{"line":169,"column":2}},"95":{"start":{"line":168,"column":2},"end":{"line":168,"column":30}},"96":{"start":{"line":171,"column":0},"end":{"line":185,"column":2}},"97":{"start":{"line":172,"column":2},"end":{"line":175,"column":3}},"98":{"start":{"line":173,"column":4},"end":{"line":173,"column":45}},"99":{"start":{"line":174,"column":4},"end":{"line":174,"column":31}},"100":{"start":{"line":177,"column":2},"end":{"line":177,"column":47}},"101":{"start":{"line":179,"column":2},"end":{"line":179,"column":43}},"102":{"start":{"line":180,"column":2},"end":{"line":180,"column":28}},"103":{"start":{"line":181,"column":2},"end":{"line":181,"column":25}},"104":{"start":{"line":182,"column":2},"end":{"line":182,"column":26}},"105":{"start":{"line":184,"column":2},"end":{"line":184,"column":32}},"106":{"start":{"line":189,"column":0},"end":{"line":220,"column":2}},"107":{"start":{"line":190,"column":2},"end":{"line":190,"column":24}},"108":{"start":{"line":193,"column":2},"end":{"line":195,"column":3}},"109":{"start":{"line":194,"column":4},"end":{"line":194,"column":11}},"110":{"start":{"line":197,"column":2},"end":{"line":197,"column":14}},"111":{"start":{"line":201,"column":2},"end":{"line":201,"column":53}},"112":{"start":{"line":202,"column":2},"end":{"line":207,"column":3}},"113":{"start":{"line":203,"column":4},"end":{"line":203,"column":38}},"114":{"start":{"line":204,"column":4},"end":{"line":204,"column":31}},"115":{"start":{"line":206,"column":4},"end":{"line":206,"column":35}},"116":{"start":{"line":208,"column":2},"end":{"line":214,"column":3}},"117":{"start":{"line":209,"column":4},"end":{"line":213,"column":5}},"118":{"start":{"line":210,"column":6},"end":{"line":210,"column":28}},"119":{"start":{"line":212,"column":6},"end":{"line":212,"column":37}},"120":{"start":{"line":217,"column":2},"end":{"line":219,"column":3}},"121":{"start":{"line":218,"column":4},"end":{"line":218,"column":34}},"122":{"start":{"line":222,"column":0},"end":{"line":229,"column":2}},"123":{"start":{"line":223,"column":2},"end":{"line":223,"column":24}},"124":{"start":{"line":224,"column":2},"end":{"line":228,"column":5}},"125":{"start":{"line":225,"column":4},"end":{"line":227,"column":5}},"126":{"start":{"line":226,"column":6},"end":{"line":226,"column":42}},"127":{"start":{"line":238,"column":0},"end":{"line":241,"column":2}},"128":{"start":{"line":239,"column":2},"end":{"line":239,"column":22}},"129":{"start":{"line":240,"column":2},"end":{"line":240,"column":32}},"130":{"start":{"line":243,"column":0},"end":{"line":246,"column":2}},"131":{"start":{"line":244,"column":2},"end":{"line":244,"column":42}},"132":{"start":{"line":245,"column":2},"end":{"line":245,"column":35}},"133":{"start":{"line":248,"column":0},"end":{"line":251,"column":2}},"134":{"start":{"line":249,"column":2},"end":{"line":249,"column":32}},"135":{"start":{"line":250,"column":2},"end":{"line":250,"column":25}},"136":{"start":{"line":253,"column":0},"end":{"line":283,"column":2}},"137":{"start":{"line":254,"column":2},"end":{"line":254,"column":35}},"138":{"start":{"line":255,"column":2},"end":{"line":255,"column":31}},"139":{"start":{"line":256,"column":2},"end":{"line":256,"column":28}},"140":{"start":{"line":258,"column":2},"end":{"line":282,"column":3}},"141":{"start":{"line":259,"column":4},"end":{"line":259,"column":40}},"142":{"start":{"line":260,"column":4},"end":{"line":263,"column":5}},"143":{"start":{"line":261,"column":6},"end":{"line":261,"column":208}},"144":{"start":{"line":262,"column":6},"end":{"line":262,"column":104}},"145":{"start":{"line":264,"column":4},"end":{"line":264,"column":28}},"146":{"start":{"line":265,"column":4},"end":{"line":265,"column":30}},"147":{"start":{"line":267,"column":4},"end":{"line":270,"column":5}},"148":{"start":{"line":268,"column":6},"end":{"line":268,"column":118}},"149":{"start":{"line":269,"column":6},"end":{"line":269,"column":208}},"150":{"start":{"line":271,"column":4},"end":{"line":281,"column":5}},"151":{"start":{"line":272,"column":6},"end":{"line":272,"column":70}},"152":{"start":{"line":273,"column":6},"end":{"line":277,"column":7}},"153":{"start":{"
[...]
:36,"column":2}}]},"9":{"line":44,"type":"if","locations":[{"start":{"line":44,"column":2},"end":{"line":44,"column":2}},{"start":{"line":44,"column":2},"end":{"line":44,"column":2}}]},"10":{"line":49,"type":"if","locations":[{"start":{"line":49,"column":2},"end":{"line":49,"column":2}},{"start":{"line":49,"column":2},"end":{"line":49,"column":2}}]},"11":{"line":64,"type":"if","locations":[{"start":{"line":64,"column":2},"end":{"line":64,"column":2}},{"start":{"line":64,"column":2},"end":{"line":64,"column":2}}]},"12":{"line":68,"type":"if","locations":[{"start":{"line":68,"column":4},"end":{"line":68,"column":4}},{"start":{"line":68,"column":4},"end":{"line":68,"column":4}}]},"13":{"line":80,"type":"if","locations":[{"start":{"line":80,"column":2},"end":{"line":80,"column":2}},{"start":{"line":80,"column":2},"end":{"line":80,"column":2}}]},"14":{"line":92,"type":"if","locations":[{"start":{"line":92,"column":2},"end":{"line":92,"column":2}},{"start":{"line":92,"column":2},"end":{"line":92,"column":2}}]},"15":{"line":98,"type":"if","locations":[{"start":{"line":98,"column":2},"end":{"line":98,"column":2}},{"start":{"line":98,"column":2},"end":{"line":98,"column":2}}]},"16":{"line":100,"type":"if","locations":[{"start":{"line":100,"column":9},"end":{"line":100,"column":9}},{"start":{"line":100,"column":9},"end":{"line":100,"column":9}}]},"17":{"line":116,"type":"binary-expr","locations":[{"start":{"line":116,"column":9},"end":{"line":116,"column":24}},{"start":{"line":116,"column":28},"end":{"line":116,"column":32}}]},"18":{"line":120,"type":"if","locations":[{"start":{"line":120,"column":2},"end":{"line":120,"column":2}},{"start":{"line":120,"column":2},"end":{"line":120,"column":2}}]},"19":{"line":122,"type":"if","locations":[{"start":{"line":122,"column":4},"end":{"line":122,"column":4}},{"start":{"line":122,"column":4},"end":{"line":122,"column":4}}]},"20":{"line":136,"type":"if","locations":[{"start":{"line":136,"column":2},"end":{"line":136,"column":2}},{"start":{"line":136,"column":2},"end":{"line":136,"column":2}}]},"21":{"line":145,"type":"if","locations":[{"start":{"line":145,"column":4},"end":{"line":145,"column":4}},{"start":{"line":145,"column":4},"end":{"line":145,"column":4}}]},"22":{"line":148,"type":"if","locations":[{"start":{"line":148,"column":6},"end":{"line":148,"column":6}},{"start":{"line":148,"column":6},"end":{"line":148,"column":6}}]},"23":{"line":177,"type":"if","locations":[{"start":{"line":177,"column":2},"end":{"line":177,"column":2}},{"start":{"line":177,"column":2},"end":{"line":177,"column":2}}]},"24":{"line":182,"type":"if","locations":[{"start":{"line":182,"column":4},"end":{"line":182,"column":4}},{"start":{"line":182,"column":4},"end":{"line":182,"column":4}}]},"25":{"line":186,"type":"if","locations":[{"start":{"line":186,"column":4},"end":{"line":186,"column":4}},{"start":{"line":186,"column":4},"end":{"line":186,"column":4}}]},"26":{"line":197,"type":"if","locations":[{"start":{"line":197,"column":2},"end":{"line":197,"column":2}},{"start":{"line":197,"column":2},"end":{"line":197,"column":2}}]},"27":{"line":201,"type":"cond-expr","locations":[{"start":{"line":201,"column":45},"end":{"line":201,"column":60}},{"start":{"line":201,"column":63},"end":{"line":201,"column":91}}]},"28":{"line":215,"type":"if","locations":[{"start":{"line":215,"column":4},"end":{"line":215,"column":4}},{"start":{"line":215,"column":4},"end":{"line":215,"column":4}}]}},"code":["var Pool = require('./pool.js');","var PoolConfig = require('./pool_config.js');","var Util = require('util');","var EventEmitter = require('events').EventEmitter;","","function PoolCluster (config) {","  EventEmitter.call(this);","","  config = config || {};","  this._canRetry = typeof config.canRetry === 'undefined' ? true : config.canRetry;","  this._removeNodeErrorCount = config.removeNodeErrorCount || 5;","  this._defaultSelector = config.defaultSelector || 'RR';","","  this._closed = false;","  this._lastId = 0;","  this._nodes = {};","  this._serviceableNodeIds = [];","  this._namespaces = {};","  this._findCaches = {};","}","","module.exports = PoolCluster;","Util.inherits(PoolCluster, EventEmitter);","","PoolCluster.prototype.of = function (pattern, selector) {","  pattern = pattern || '*';","","  selector = selector || this._defaultSelector;","  selector = selector.toUpperCase();","  if (typeof Selector[selector] === 'undefined') {","    selector = this._defaultSelector;","  }","","  var key = pattern + selector;","","  if (typeof this._namespaces[key] === 'undefined') {","    this._namespaces[key] = new PoolNamespace(this, pattern, selector);","  }","","  return this._namespaces[key];","};","","PoolCluster.prototype.add = function (id, config) {","  if (typeof id === 'object') {","    config = id;","    id = 'CLUSTER::' + (++this._lastId);","  }","","  if (typeof this._nodes[id] === 'undefined') {","    this._nodes[id] = {","      id: id,","      errorCount: 0,","      pool: new Pool({config: new PoolConfig(config)})","    };","","    this._serviceableNodeIds.push(id);","","    this._clearFindCaches();","  }","};","","PoolCluster.prototype.getConnection = function (pattern, selector, cb) {","  var namespace;","  if (typeof pattern === 'function') {","    cb = pattern;","    namespace = this.of();","  } else {","    if (typeof selector === 'function') {","      cb = selector;","      selector = this._defaultSelector;","    }","","    namespace = this.of(pattern, selector);","  }","","  namespace.getConnection(cb);","};","","PoolCluster.prototype.end = function () {","  if (this._closed) {","    return;","  }","","  this._closed = true;","","  for (var id in this._nodes) {","    this._nodes[id].pool.end();","  }","};","","PoolCluster.prototype._findNodeIds = function (pattern) {","  if (typeof this._findCaches[pattern] !== 'undefined') {","    return this._findCaches[pattern];","  }","","  var foundNodeIds;","","  if (pattern === '*') { // all","    foundNodeIds = this._serviceableNodeIds;","  } else if (this._serviceableNodeIds.indexOf(pattern) != -1) { // one","    foundNodeIds = [pattern];","  } else { // wild matching","    var keyword = pattern.substring(pattern.length - 1, 0);","","    foundNodeIds = this._serviceableNodeIds.filter(function (id) {","      return id.indexOf(keyword) === 0;","    });","  }","","  this._findCaches[pattern] = foundNodeIds;","","  return foundNodeIds;","};","","PoolCluster.prototype._getNode = function (id) {","  return this._nodes[id] || null;","};","","PoolCluster.prototype._increaseErrorCount = function (node) {","  if (++node.errorCount >= this._removeNodeErrorCount) {","    var index = this._serviceableNodeIds.indexOf(node.id);","    if (index !== -1) {","      this._serviceableNodeIds.splice(index, 1);","      delete this._nodes[node.id];","","      this._clearFindCaches();","","      node.pool.end();","","      this.emit('remove', node.id);","    }","  }","};","","PoolCluster.prototype._decreaseErrorCount = function (node) {","  if (node.errorCount > 0) {","    --node.errorCount;","  }","};","","PoolCluster.prototype._getConnection = function (node, cb) {","  var self = this;","","  node.pool.getConnection(function (err, connection) {","    if (err) {","      self._increaseErrorCount(node);","","      if (self._canRetry) {","        console.warn('[Error] PoolCluster : ' + err);","        return cb(null, 'retry');","      } else {","        return cb(err);","      }","    } else {","      self._decreaseErrorCount(node);","    }","","    connection._clusterId = node.id;","","    return cb(null, connection);","  });","};","","PoolCluster.prototype._clearFindCaches = function () {","  this._findCaches = {};","};","","function PoolNamespace (cluster, pattern, selector) {","  this._cluster = cluster;","  this._pattern = pattern;","  this._selector = new Selector[selector]();","}","","PoolNamespace.prototype.getConnection = function (cb) {","  var clusterNode = this._getClusterNode();","","  if (clusterNode === null) {","    return cb(new Error('Pool does Not exists.'));","  }","","  return this._cluster._getConnection(clusterNode, function (err, connection) {","    if (err) {","      return cb(err);","    }","","    if (connection === 'retry') {","      return this.getConnection(cb);","    }","","    return cb(null, connection);","  }.bind(this));","};","","PoolNamespace.prototype._getClusterNode = function () {","  var foundNodeIds = this._cluster._findNodeIds(this._pattern);","","  if (foundNodeIds.length === 0) {","    return null;","  }","","  var nodeId = (foundNodeIds.length === 1) ? foundNodeIds[0] : this._selector(foundNodeIds);","","  return this._cluster._getNode(nodeId);","};","","/**"," * Selector"," */","var Selector = {};","","Selector.RR = function () {","  var index = 0;","","  return function (clusterIds) {","    if (index >= clusterIds.length) {","      index = 0;","    }","","    var clusterId = clusterIds[index++];","","    return clusterId;","  };","};","","Selector.RANDOM = function () {","  return function (clusterIds) {","    return clusterIds[Math.floor(Math.random() * clusterIds.length)];","  };","};","","Selector.ORDER = function () {","  return function (clusterIds) {","    return clusterIds[0];","  };","};",""],"l":{"1":1,"2":1,"3":1,"4":1,"6":1,"7":0,"9":0,"10":0,"11":0,"12":0,"14":0,"15":0,"16":0,"17":0,"18":0,"19":0,"22":1,"23":1,"25":1,"26":0,"28":0,"29":0,"30":0,"31":0,"34":0,"36":0,"37":0,"40":0,"43":1,"44":0,"45":0,"46":0,"49":0,"50":0,"56":0,"58":0,"62":1,"63":0,"64":0,"65":0,"66":0,"68":0,"69":0,"70":0,"73":0,"76":0,"79":1,"80":0,"81":0,"84":0,"86":0,"87":0,"91":1,"92":0,"93":0,"96":0,"98":0,"99":0,"100":0,"101":0,"103":0,"105":0,"106":0,"110":0,"112":0,"115":1,"116":0,"119":1,"120":0,"121":0,"122":0,"123":0,"124":0,"126":0,"128":0,"130":0,"135":1,"136":0,"137":0,"141":1,"142":0,"144":0,"145":0,"146":0,"148":0,"149":0,"150":0,"152":0,"155":0,"158":0,"160":0,"164":1,"165":0,"168":1,"169":0,"170":0,"171":0,"174":1,"175":0,"177":0,"178":0,"181":0,"182":0,"183":0,"186":0,"187":0,"190":0,"194":1,"195":0,"197":0,"198":0,"201":0,"203":0,"209":1,"211":1,"212":0,"214":0,"215":0,"216":0,"219":0,"221":0,"225":1,"226":0,"227":0,"231":1,"232":0,"233":0}},"/home/travis/build/npmtest/node-npmtest-mysql2/node_modules/mysql2/lib/pool_config.js":{"path":"/home/travis/build/npmtest/node-npmtest-mysql2/node_modules/mysql2/lib/pool_config.js","s":{"1":1,"2":1,"3":1,"4":0,"5":0,"6":0,"7":0,"8":0,"9":0},"b":{"1":[0,0],"2":[0,0],"3":[0,0],"4":[0,0]},"f":{"1":0},"fnMap":{"1":{"name":"PoolConfig","line":4,"loc":{"start":{"line":4,"column":0},"end":{"line":4,"column":30}}}},"statementMap":{"1":{"start":{"line":1,"column":0},"end":{"line":1,"column":57}},"2":{"start":{"line":3,"column":0},"end":{"line":3,"column":28}},"3":{"start":{"line":4,"column":0},"end":{"line":18,"column":1}},"4":{"start":{"line":5,"column":2},"end":{"line":7,"column":3}},"5":{"start":{"line":6,"column":4},"end":{"line":6,"column":49}},"6":{"start":{"line":8,"column":2},"end":{"line":8,"column":56}},"7":{"start":{"line":9,"column":2},"end":{"line":11,"column":42}},"8":{"start":{"line":12,"column":2},"end":{"line":14,"column":38}},"9":{"start":{"line":15,"column":2},"end":{"line":17,"column":33}}},"branchMap":{"1":{"line":5,"type":"if","locations":[{"start":{"line":5,"column":2},"end":{"line":5,"column":2}},{"start":{"line":5,"column":2},"end":{"line":5,"column":2}}]},"2":{"line":9,"type":"cond-expr","locations":[{"start":{"line":10,"column":6},"end":{"line":10,"column":10}},{"start":{"line":11,"column":6},"end":{"line":11,"column":41}}]},"3":{"line":12,"type":"cond-expr","locations":[{"start":{"line":13,"column":6},"end":{"line":13,"column":8}},{"start":{"line":14,"column":6},"end":{"line":14,"column":37}}]},"4":{"line":15,"type":"cond-expr","locations":[{"start":{"line":16,"column":6},"end":{"line":16,"column":7}},{"start":{"line":17,"column":6},"end":{"line":17,"column":32}}]}},"code":["var ConnectionConfig = require('./connection_config.js');","","module.exports = PoolConfig;","function PoolConfig (options) {","  if (typeof options === 'string') {","    options = ConnectionConfig.parseUrl(options);","  }","  this.connectionConfig = new ConnectionConfig(options);","  this.waitForConnections = (options.waitForConnections === undefined)","    ? true","    : Boolean(options.waitForConnections);","  this.connectionLimit = (options.connectionLimit === undefined)","    ? 10","    : Number(options.connectionLimit);","  this.queueLimit = (options.queueLimit === undefined)","    ? 0","    : Number(options.queueLimit);","}",""],"l":{"1":1,"3":1,"4":1,"5":0,"6":0,"8":0,"9":0,"12":0,"15":0}},"/home/travis/build/npmtest/node-npmtest-mysql2/node_modules/mysql2/lib/results_stream.js":{"path":"/home/travis/build/npmtest/node-npmtest-mysql2/node_modules/mysql2/lib/results_stream.js","s":{"1":1,"2":1,"3":0,"4":0,"5":0,"6":0,"7":0,"8":0,"9":0,"10":0,"11":0,"12":0,"13":0,"14":0,"15":0,"16":0,"17":0,"18":0,"19":0},"b":{"1":[0,0],"2":[0,0]},"f":{"1":0,"2":0,"3":0,"4":0,"5":0,"6":0,"7":0},"fnMap":{"1":{"name":"(anonymous_1)","line":4,"loc":{"start":{"line":4,"column":17},"end":{"line":4,"column":54}}},"2":{"name":"(anonymous_2)","line":5,"loc":{"start":{"line":5,"column":19},"end":{"line":5,"column":38}}},"3":{"name":"(anonymous_3)","line":12,"loc":{"start":{"line":12,"column":19},"end":{"line":12,"column":31}}},"4":{"name":"(anonymous_4)","line":16,"loc":{"start":{"line":16,"column":22},"end":{"line":16,"column":40}}},"5":{"name":"(anonymous_5)","line":23,"loc":{"start":{"line":23,"column":21},"end":{"line":23,"column":36}}},"6":{"name":"(anonymous_6)","line":27,"loc":{"start":{"line":27,"column":19},"end":{"line":27,"column":31}}},"7":{"name":"(anonymous_7)","line":31,"loc":{"start":{"line":31,"column":22},"end":{"line":31,"column":43}}}},"statementMap":{"1":{"start":{"line":1,"column":0},"end":{"line":1,"column":42}},"2":{"start":{"line":4,"column":0},"end":{"line":37,"column":2}},"3":{"start":{"line":5,"column":2},"end":{"line":36,"column":4}},"4":{"start":{"line":6,"column":4},"end":{"line":6,"column":15}},"5":{"start":{"line":8,"column":4},"end":{"line":8,"column":28}},"6":{"start":{"line":9,"column":4},"end":{"line":9,"column":30}},"7":{"start":{"line":10,"column":4},"end":{"line":14,"column":6}},"8":{"start":{"line":13,"column":6},"end":{"line":13,"column":32}},"9":{"start":{"line":16,"column":4},"end":{"line":21,"column":7}},"10":{"start":{"line":17,"column":6},"end":{"line":19,"column":7}},"11":{"start":{"line":18,"column":8},"end":{"line":18,"column":33}},"12":{"start":{"line":20,"column":6},"end":{"line":20,"column":36}},"13":{"start":{"line":23,"column":4},"end":{"line":25,"column":7}},"14":{"start":{"line":24,"column":6},"end":{"line":24,"column":32}},"15":{"start":{"line":27,"column":4},"end":{"line":29,"column":7}},"16":{"start":{"line":28,"column":6},"end":{"line":28,"column":24}},"17":{"start":{"line":31,"column":4},"end":{"line":33,"column":7}},"18":{"start":{"line":32,"column":6},"end":{"line":32,"column":39}},"19":{"start":{"line":35,"column":4},"end":{"line":35,"column":18}}},"branchMap":{"1":{"line":8,"type":"binary-expr","locations":[{"start":{"line":8,"column":14},"end":{"line":8,"column":21}},{"start":{"line":8,"column":25},"end":{"line":8,"column":27}}]},"2":{"line":17,"type":"if","locations":[{"start":{"line":17,"column":6},"end":{"line":17,"column":6}},{"start":{"line":17,"column":6},"end":{"line":17,"column":6}}]}},"code":["var Readable = require('stream').Readable;","","// copy-paste from https://github.com/mysqljs/mysql/blob/master/lib/protocol/sequences/Query.js","module.exports = function (command, connectionStream) {","  command.stream = function (options) {","    var stream;","","    options = options || {};","    options.objectMode = true;","    stream = new Readable(options),","","    stream._read = function () {","      connectionStream.resume();","    };","","    this.on('result', function (row, i) {","      if (!stream.push(row)) {","        connectionStream.pause();","      }","      stream.emit('result', row, i);  // replicate old emitter","    });","","    this.on('error', function (err) {","      stream.emit('error', err);  // Pass on any errors","    });","","    this.on('end', function () {","      stream.push(null);  // pushing null, indicating EOF","    });","","    this.on('fields', function (fields, i) {","      stream.emit('fields', fields, i);  // replicate old emitter","    });","","    return stream;","  };","};",""],"l":{"1":1,"4":1,"5":0,"6":0,"8":0,"9":0,"10":0,"13":0,"16":0,"17":0,"18":0,"20":0,"23":0,"24":0,"27":0,"28":0,"31":0,"32":0,"35":0}},"/home/travis/build/npmtest/node-npmtest-mysql2/node_modules/mysql2/lib/server.js":{"path":"/home/travis/build/npmtest/node-npmtest-mysql2/node_modules/mysql2/lib/server.js","s":{"1":1,"2":1,"3":1,"4":1,"5":1,"6":1,"7":0,"8":0,"9":0,"10":1,"11":1,"12":0,"13":0,"14":0,"15":1,"16":0,"17":0,"18":0,"19":1,"20":0,"21":1},"b":{},"f":{"1":0,"2":0,"3":0,"4":0},"fnMap":{"1":{"name":"Server","line":9,"loc":{"start":{"line":9,"column":0},"end":{"line":10,"column":0}}},"2":{"name":"(anonymous_2)","line":17,"loc":{"start":{"line":17,"column":37},"end":{"line":17,"column":55}}},"3":{"name":"(anonymous_3)","line":23,"loc":{"start":{"line":23,"column":26},"end":{"line":23,"column":67}}},"4":{"name":"(anonymous_4)","line":29,"loc":{"start":{"line":29,"column":25},"end":{"line":29,"column":39}}}},"statementMap":{"1":{"start":{"line":1,"column":0},"end":{"line":1,"column":25}},"2":{"start":{"line":2,"column":0},"end":{"line":2,"column":27}},"3":{"start":{"line":3,"column":0},"end":{"line":3,"column":50}},"4":{"start":{"line":5,"column":0},"end":{"line":5,"column":41}},"5":{"start":{"line":6,"column":0},"end":{"line":6,"column":54}},"6":{"start":{"line":9,"column":0},"end":{"line":14,"column":1}},"7":{"start":{"line":11,"column":2},"end":{"line":11,"column":26}},"8":{"start":{"line":12,"column":2},"end":{"line":12,"column":24}},"9":{"start":{"line":13,"column":2},"end":{"line":13,"column":69}},"10":{"start":{"line":15,"column":0},"end":{"line":15,"column":36}},"11":{"start":{"line":17,"column":0},"end":{"line":21,"column":2}},"12":{"start":{"line":18,"column":2},"end":{"line":18,"column":80}},"13":{"start":{"line":19,"column":2},"end":{"line":19,"column":62}},"14":{"start":{"line":20,"column":2},"end":{"line":20,"column":38}},"15":{"start":{"line":23,"column":0},"end":{"line":27,"column":2}},"16":{"start":{"line":24,"column":2},"end":{"line":24,"column":20}},"17":{"start":{"line":25,"column":2},"end":{"line":25,"column":53}},"18":{"start":{"line":26,"column":2},"end":{"line":26,"column":14}},"19":{"start":{"line":29,"column":0},"end":{"line":31,"column":2}},"20":{"start":{"line":30,"column":2},"end":{"line":30,"column":25}},"21":{"start":{"line":33,"column":0},"end":{"line":33,"column":24}}},"branchMap":{},"code":["var net = require('net');","var util = require('util');","var EventEmitter = require('events').EventEmitter;","","var Connection = require('./connection');","var ConnectionConfig = require('./connection_config');","","// TODO: inherit Server from net.Server","function Server ()","{","  EventEmitter.call(this);","  this.connections = [];","  this._server = net.createServer(this._handleConnection.bind(this));","}","util.inherits(Server, EventEmitter);","","Server.prototype._handleConnection = function (socket) {","  var connectionConfig = new ConnectionConfig({stream: socket, isServer: true});","  var connection = new Connection({config: connectionConfig});","  this.emit('connection', connection);","};","","Server.prototype.listen = function (port, host, backlog, callback) {","  this._port = port;","  this._server.listen.apply(this._server, arguments);","  return this;","};","","Server.prototype.close = function (cb) {","  this._server.close(cb);","};","","module.exports = Server;",""],"l":{"1":1,"2":1,"3":1,"5":1,"6":1,"9":1,"11":0,"12":0,"13":0,"15":1,"17":1,"18":0,"19":0,"20":0,"23":1,"24":0,"25":0,"26":0,"29":1,"30":0,"33":1}}}